2019-12-24 00:11:21.907 [Thread-25] INFO  com.alibaba.druid.pool.DruidDataSource - {dataSource-1} closed
2019-12-24 00:11:21.909 [Thread-25] INFO  o.a.s.session.mgt.AbstractValidatingSessionManager - Disabled session validation scheduler.
2019-12-24 10:29:29.501 [restartedMain] INFO  com.lzhpo.AdminApplication - Starting AdminApplication on DESKTOP-TB3M7FI with PID 4568 (D:\gitCode\back-end\springboot\day1218\lzhpo-shiro\target\classes started by lijin in D:\gitCode\back-end\springboot\day1218\lzhpo-shiro)
2019-12-24 10:29:29.503 [restartedMain] INFO  com.lzhpo.AdminApplication - The following profiles are active: dev
2019-12-24 10:29:29.550 [restartedMain] INFO  o.s.b.w.s.c.AnnotationConfigServletWebServerApplicationContext - Refreshing org.springframework.boot.web.servlet.context.AnnotationConfigServletWebServerApplicationContext@b2879be: startup date [Tue Dec 24 10:29:29 CST 2019]; root of context hierarchy
2019-12-24 10:29:30.880 [restartedMain] INFO  o.s.d.r.config.RepositoryConfigurationDelegate - Multiple Spring Data modules found, entering strict repository configuration mode!
2019-12-24 10:29:31.329 [restartedMain] INFO  o.s.c.s.PostProcessorRegistrationDelegate$BeanPostProcessorChecker - Bean 'shiroConfig' of type [com.lzhpo.common.config.ShiroConfig$$EnhancerBySpringCGLIB$$598bbea4] is not eligible for getting processed by all BeanPostProcessors (for example: not eligible for auto-proxying)
2019-12-24 10:29:31.449 [restartedMain] INFO  o.s.c.s.PostProcessorRegistrationDelegate$BeanPostProcessorChecker - Bean 'authRealm' of type [com.lzhpo.common.realm.AuthRealm] is not eligible for getting processed by all BeanPostProcessors (for example: not eligible for auto-proxying)
2019-12-24 10:29:31.450 [restartedMain] INFO  com.lzhpo.common.config.ShiroConfig - - - - - - - -shiro开始加载- - - - - - 
2019-12-24 10:29:31.702 [restartedMain] INFO  o.s.c.s.PostProcessorRegistrationDelegate$BeanPostProcessorChecker - Bean 'rememberMeCookie' of type [org.apache.shiro.web.servlet.SimpleCookie] is not eligible for getting processed by all BeanPostProcessors (for example: not eligible for auto-proxying)
2019-12-24 10:29:31.707 [restartedMain] INFO  o.s.c.s.PostProcessorRegistrationDelegate$BeanPostProcessorChecker - Bean 'rememberMeManager' of type [org.apache.shiro.web.mgt.CookieRememberMeManager] is not eligible for getting processed by all BeanPostProcessors (for example: not eligible for auto-proxying)
2019-12-24 10:29:31.722 [restartedMain] INFO  o.s.c.s.PostProcessorRegistrationDelegate$BeanPostProcessorChecker - Bean 'webSessionManager' of type [org.apache.shiro.web.session.mgt.DefaultWebSessionManager] is not eligible for getting processed by all BeanPostProcessors (for example: not eligible for auto-proxying)
2019-12-24 10:29:31.842 [restartedMain] INFO  o.s.c.s.PostProcessorRegistrationDelegate$BeanPostProcessorChecker - Bean 'cacheManager' of type [org.apache.shiro.cache.ehcache.EhCacheManager] is not eligible for getting processed by all BeanPostProcessors (for example: not eligible for auto-proxying)
2019-12-24 10:29:31.843 [restartedMain] INFO  org.apache.shiro.cache.ehcache.EhCacheManager - Cache with name 'com.lzhpo.common.realm.AuthRealm.authorizationCache' does not yet exist.  Creating now.
2019-12-24 10:29:31.844 [restartedMain] INFO  org.apache.shiro.cache.ehcache.EhCacheManager - Added EhCache named [com.lzhpo.common.realm.AuthRealm.authorizationCache]
2019-12-24 10:29:31.855 [restartedMain] INFO  o.s.c.s.PostProcessorRegistrationDelegate$BeanPostProcessorChecker - Bean 'securityManager' of type [org.apache.shiro.web.mgt.DefaultWebSecurityManager] is not eligible for getting processed by all BeanPostProcessors (for example: not eligible for auto-proxying)
2019-12-24 10:29:31.940 [restartedMain] INFO  o.s.c.s.PostProcessorRegistrationDelegate$BeanPostProcessorChecker - Bean 'authorizationAttributeSourceAdvisor' of type [org.apache.shiro.spring.security.interceptor.AuthorizationAttributeSourceAdvisor] is not eligible for getting processed by all BeanPostProcessors (for example: not eligible for auto-proxying)
2019-12-24 10:29:32.055 [restartedMain] INFO  o.s.c.s.PostProcessorRegistrationDelegate$BeanPostProcessorChecker - Bean 'org.springframework.transaction.annotation.ProxyTransactionManagementConfiguration' of type [org.springframework.transaction.annotation.ProxyTransactionManagementConfiguration$$EnhancerBySpringCGLIB$$68de9f97] is not eligible for getting processed by all BeanPostProcessors (for example: not eligible for auto-proxying)
2019-12-24 10:29:32.624 [restartedMain] INFO  o.s.boot.web.embedded.tomcat.TomcatWebServer - Tomcat initialized with port(s): 8080 (http)
2019-12-24 10:29:32.636 [restartedMain] INFO  org.apache.coyote.http11.Http11NioProtocol - Initializing ProtocolHandler ["http-nio-8080"]
2019-12-24 10:29:32.646 [restartedMain] INFO  org.apache.catalina.core.StandardService - Starting service [Tomcat]
2019-12-24 10:29:32.646 [restartedMain] INFO  org.apache.catalina.core.StandardEngine - Starting Servlet Engine: Apache Tomcat/8.5.31
2019-12-24 10:29:32.651 [localhost-startStop-1] INFO  org.apache.catalina.core.AprLifecycleListener - The APR based Apache Tomcat Native library which allows optimal performance in production environments was not found on the java.library.path: [D:\itVipStall\java\jdk\bin;C:\WINDOWS\Sun\Java\bin;C:\WINDOWS\system32;C:\WINDOWS;C:\WINDOWS\system32;C:\WINDOWS;C:\WINDOWS\System32\Wbem;C:\WINDOWS\System32\WindowsPowerShell\v1.0\;C:\WINDOWS\System32\OpenSSH\;C:\Program Files\TortoiseSVN\bin;D:\itstall\Git\cmd;C:\Program Files\nodejs\;"D:\itVipStall\java\jdk\bin;D:\itVipStall\java\jdk\jre\bin;";D:\devTool\apache-maven-3.6.0\bin;C:\Program Files (x86)\MySQL\MySQL Utilities 1.3.5\;C:\MinGW\bin;D:\itVipStall\Python\Python37\Scripts\;D:\itVipStall\Python\Python37\;C:\Users\lijin\AppData\Local\Microsoft\WindowsApps;C:\Users\lijin\AppData\Roaming\npm;D:\itstall\PyCharm Community Edition 2019.2.3\bin;;D:\itVipStall\CLion 2018.3.4\bin;;.]
2019-12-24 10:29:32.741 [localhost-startStop-1] INFO  o.a.c.core.ContainerBase.[Tomcat].[localhost].[/] - Initializing Spring embedded WebApplicationContext
2019-12-24 10:29:32.741 [localhost-startStop-1] INFO  org.springframework.web.context.ContextLoader - Root WebApplicationContext: initialization completed in 3191 ms
2019-12-24 10:29:33.075 [localhost-startStop-1] INFO  o.s.boot.web.servlet.ServletRegistrationBean - Servlet dispatcherServlet mapped to [/]
2019-12-24 10:29:33.076 [localhost-startStop-1] INFO  o.s.boot.web.servlet.ServletRegistrationBean - Servlet statViewServlet mapped to [/druid/*]
2019-12-24 10:29:33.109 [localhost-startStop-1] INFO  o.s.boot.web.servlet.FilterRegistrationBean - Mapping filter: 'characterEncodingFilter' to: [/*]
2019-12-24 10:29:33.110 [localhost-startStop-1] INFO  o.s.boot.web.servlet.FilterRegistrationBean - Mapping filter: 'hiddenHttpMethodFilter' to: [/*]
2019-12-24 10:29:33.110 [localhost-startStop-1] INFO  o.s.boot.web.servlet.FilterRegistrationBean - Mapping filter: 'httpPutFormContentFilter' to: [/*]
2019-12-24 10:29:33.110 [localhost-startStop-1] INFO  o.s.boot.web.servlet.FilterRegistrationBean - Mapping filter: 'requestContextFilter' to: [/*]
2019-12-24 10:29:33.110 [localhost-startStop-1] INFO  o.s.boot.web.servlet.FilterRegistrationBean - Mapping filter: 'webStatFilter' to urls: [/*]
2019-12-24 10:29:33.110 [localhost-startStop-1] INFO  o.s.boot.web.servlet.FilterRegistrationBean - Mapping filter: 'shiroFilter' to: [/*]
2019-12-24 10:29:33.777 [restartedMain] INFO  com.alibaba.druid.pool.DruidDataSource - {dataSource-1} inited
2019-12-24 10:29:34.594 [restartedMain] INFO  o.s.web.servlet.handler.SimpleUrlHandlerMapping - Mapped URL path [/**/favicon.ico] onto handler of type [class org.springframework.web.servlet.resource.ResourceHttpRequestHandler]
2019-12-24 10:29:35.084 [restartedMain] INFO  o.s.w.s.m.m.a.RequestMappingHandlerAdapter - Looking for @ControllerAdvice: org.springframework.boot.web.servlet.context.AnnotationConfigServletWebServerApplicationContext@b2879be: startup date [Tue Dec 24 10:29:29 CST 2019]; root of context hierarchy
2019-12-24 10:29:35.164 [restartedMain] INFO  o.s.w.s.m.m.a.RequestMappingHandlerMapping - Mapped "{[/index],methods=[GET]}" onto public java.lang.String com.lzhpo.admin.controller.LonginController.index(javax.servlet.http.HttpSession,java.lang.String)
2019-12-24 10:29:35.165 [restartedMain] INFO  o.s.w.s.m.m.a.RequestMappingHandlerMapping - Mapped "{[/admin/main],methods=[GET]}" onto public java.lang.String com.lzhpo.admin.controller.LonginController.main(org.springframework.ui.ModelMap)
2019-12-24 10:29:35.165 [restartedMain] INFO  o.s.w.s.m.m.a.RequestMappingHandlerMapping - Mapped "{[/systemLogout],methods=[GET]}" onto public java.lang.String com.lzhpo.admin.controller.LonginController.logOut()
2019-12-24 10:29:35.166 [restartedMain] INFO  o.s.w.s.m.m.a.RequestMappingHandlerMapping - Mapped "{[/admin/user/getUserMenu],methods=[GET]}" onto public java.util.List<com.lzhpo.admin.entity.vo.ShowMenuVo> com.lzhpo.admin.controller.LonginController.getUserMenu()
2019-12-24 10:29:35.166 [restartedMain] INFO  o.s.w.s.m.m.a.RequestMappingHandlerMapping - Mapped "{[/toLogin || /],methods=[GET]}" onto public java.lang.String com.lzhpo.admin.controller.LonginController.adminToLogin(javax.servlet.http.HttpSession,java.lang.String,javax.servlet.http.HttpServletRequest)
2019-12-24 10:29:35.166 [restartedMain] INFO  o.s.w.s.m.m.a.RequestMappingHandlerMapping - Mapped "{[/admin || /admin/index],methods=[GET]}" onto public java.lang.String com.lzhpo.admin.controller.LonginController.adminIndex(org.springframework.web.servlet.mvc.support.RedirectAttributes,org.springframework.ui.ModelMap)
2019-12-24 10:29:35.166 [restartedMain] INFO  o.s.w.s.m.m.a.RequestMappingHandlerMapping - Mapped "{[/getCaptcha],methods=[GET]}" onto public void com.lzhpo.admin.controller.LonginController.getCaptcha(javax.servlet.http.HttpServletRequest,javax.servlet.http.HttpServletResponse) throws java.io.IOException
2019-12-24 10:29:35.167 [restartedMain] INFO  o.s.w.s.m.m.a.RequestMappingHandlerMapping - Mapped "{[/admin/login],methods=[POST]}" onto public com.lzhpo.common.util.ResponseEntity com.lzhpo.admin.controller.LonginController.adminLogin(javax.servlet.http.HttpServletRequest)
2019-12-24 10:29:35.167 [restartedMain] INFO  o.s.w.s.m.m.a.RequestMappingHandlerMapping - Mapped "{[],methods=[GET]}" onto public java.lang.String com.lzhpo.admin.controller.LonginController.welcome()
2019-12-24 10:29:35.169 [restartedMain] INFO  o.s.w.s.m.m.a.RequestMappingHandlerMapping - Mapped "{[/admin/system/menu/add],methods=[POST]}" onto public com.lzhpo.common.util.ResponseEntity com.lzhpo.admin.controller.MenuController.add(com.lzhpo.admin.entity.Menu)
2019-12-24 10:29:35.169 [restartedMain] INFO  o.s.w.s.m.m.a.RequestMappingHandlerMapping - Mapped "{[/admin/system/menu/add],methods=[GET]}" onto public java.lang.String com.lzhpo.admin.controller.MenuController.add(java.lang.String,org.springframework.ui.ModelMap)
2019-12-24 10:29:35.169 [restartedMain] INFO  o.s.w.s.m.m.a.RequestMappingHandlerMapping - Mapped "{[/admin/system/menu/delete],methods=[POST]}" onto public com.lzhpo.common.util.ResponseEntity com.lzhpo.admin.controller.MenuController.delete(java.lang.String)
2019-12-24 10:29:35.170 [restartedMain] INFO  o.s.w.s.m.m.a.RequestMappingHandlerMapping - Mapped "{[/admin/system/menu/list],methods=[GET]}" onto public java.lang.String com.lzhpo.admin.controller.MenuController.list()
2019-12-24 10:29:35.170 [restartedMain] INFO  o.s.w.s.m.m.a.RequestMappingHandlerMapping - Mapped "{[/admin/system/menu/treeList]}" onto public com.lzhpo.common.util.ResponseEntity com.lzhpo.admin.controller.MenuController.treeList()
2019-12-24 10:29:35.170 [restartedMain] INFO  o.s.w.s.m.m.a.RequestMappingHandlerMapping - Mapped "{[/admin/system/menu/edit],methods=[GET]}" onto public java.lang.String com.lzhpo.admin.controller.MenuController.edit(java.lang.String,org.springframework.ui.ModelMap)
2019-12-24 10:29:35.170 [restartedMain] INFO  o.s.w.s.m.m.a.RequestMappingHandlerMapping - Mapped "{[/admin/system/menu/edit],methods=[POST]}" onto public com.lzhpo.common.util.ResponseEntity com.lzhpo.admin.controller.MenuController.edit(com.lzhpo.admin.entity.Menu)
2019-12-24 10:29:35.172 [restartedMain] INFO  o.s.w.s.m.m.a.RequestMappingHandlerMapping - Mapped "{[/admin/system/role/add],methods=[GET]}" onto public java.lang.String com.lzhpo.admin.controller.RoleController.add(org.springframework.ui.ModelMap)
2019-12-24 10:29:35.172 [restartedMain] INFO  o.s.w.s.m.m.a.RequestMappingHandlerMapping - Mapped "{[/admin/system/role/add],methods=[POST]}" onto public com.lzhpo.common.util.ResponseEntity com.lzhpo.admin.controller.RoleController.add(com.lzhpo.admin.entity.Role)
2019-12-24 10:29:35.173 [restartedMain] INFO  o.s.w.s.m.m.a.RequestMappingHandlerMapping - Mapped "{[/admin/system/role/delete],methods=[POST]}" onto public com.lzhpo.common.util.ResponseEntity com.lzhpo.admin.controller.RoleController.delete(java.lang.String)
2019-12-24 10:29:35.173 [restartedMain] INFO  o.s.w.s.m.m.a.RequestMappingHandlerMapping - Mapped "{[/admin/system/role/list],methods=[POST]}" onto public com.lzhpo.common.base.PageData<com.lzhpo.admin.entity.Role> com.lzhpo.admin.controller.RoleController.list(java.lang.Integer,java.lang.Integer,javax.servlet.ServletRequest)
2019-12-24 10:29:35.174 [restartedMain] INFO  o.s.w.s.m.m.a.RequestMappingHandlerMapping - Mapped "{[/admin/system/role/list],methods=[GET]}" onto public java.lang.String com.lzhpo.admin.controller.RoleController.list()
2019-12-24 10:29:35.174 [restartedMain] INFO  o.s.w.s.m.m.a.RequestMappingHandlerMapping - Mapped "{[/admin/system/role/edit],methods=[GET]}" onto public java.lang.String com.lzhpo.admin.controller.RoleController.edit(java.lang.String,org.springframework.ui.ModelMap)
2019-12-24 10:29:35.174 [restartedMain] INFO  o.s.w.s.m.m.a.RequestMappingHandlerMapping - Mapped "{[/admin/system/role/edit],methods=[POST]}" onto public com.lzhpo.common.util.ResponseEntity com.lzhpo.admin.controller.RoleController.edit(com.lzhpo.admin.entity.Role)
2019-12-24 10:29:35.174 [restartedMain] INFO  o.s.w.s.m.m.a.RequestMappingHandlerMapping - Mapped "{[/admin/system/role/deleteSome],methods=[POST]}" onto public com.lzhpo.common.util.ResponseEntity com.lzhpo.admin.controller.RoleController.deleteSome(java.util.List<com.lzhpo.admin.entity.Role>)
2019-12-24 10:29:35.175 [restartedMain] INFO  o.s.w.s.m.m.a.RequestMappingHandlerMapping - Mapped "{[/stat/trend],methods=[GET]}" onto public org.springframework.web.servlet.ModelAndView com.lzhpo.admin.controller.StaticController.adminIndex()
2019-12-24 10:29:35.182 [restartedMain] INFO  o.s.w.s.m.m.a.RequestMappingHandlerMapping - Mapped "{[/admin/system/user/add],methods=[GET]}" onto public java.lang.String com.lzhpo.admin.controller.UserController.add(org.springframework.ui.ModelMap)
2019-12-24 10:29:35.182 [restartedMain] INFO  o.s.w.s.m.m.a.RequestMappingHandlerMapping - Mapped "{[/admin/system/user/add],methods=[POST]}" onto public com.lzhpo.common.util.ResponseEntity com.lzhpo.admin.controller.UserController.add(com.lzhpo.admin.entity.User)
2019-12-24 10:29:35.182 [restartedMain] INFO  o.s.w.s.m.m.a.RequestMappingHandlerMapping - Mapped "{[/admin/system/user/lock],methods=[POST]}" onto public com.lzhpo.common.util.ResponseEntity com.lzhpo.admin.controller.UserController.lock(java.lang.String)
2019-12-24 10:29:35.183 [restartedMain] INFO  o.s.w.s.m.m.a.RequestMappingHandlerMapping - Mapped "{[/admin/system/user/delete],methods=[POST]}" onto public com.lzhpo.common.util.ResponseEntity com.lzhpo.admin.controller.UserController.delete(java.lang.String)
2019-12-24 10:29:35.183 [restartedMain] INFO  o.s.w.s.m.m.a.RequestMappingHandlerMapping - Mapped "{[/admin/system/user/list],methods=[GET]}" onto public java.lang.String com.lzhpo.admin.controller.UserController.list()
2019-12-24 10:29:35.183 [restartedMain] INFO  o.s.w.s.m.m.a.RequestMappingHandlerMapping - Mapped "{[/admin/system/user/list],methods=[POST]}" onto public com.lzhpo.common.base.PageData<com.lzhpo.admin.entity.User> com.lzhpo.admin.controller.UserController.list(java.lang.Integer,java.lang.Integer,javax.servlet.ServletRequest)
2019-12-24 10:29:35.183 [restartedMain] INFO  o.s.w.s.m.m.a.RequestMappingHandlerMapping - Mapped "{[/admin/system/user/edit],methods=[GET]}" onto public java.lang.String com.lzhpo.admin.controller.UserController.edit(java.lang.String,org.springframework.ui.ModelMap)
2019-12-24 10:29:35.184 [restartedMain] INFO  o.s.w.s.m.m.a.RequestMappingHandlerMapping - Mapped "{[/admin/system/user/edit],methods=[POST]}" onto public com.lzhpo.common.util.ResponseEntity com.lzhpo.admin.controller.UserController.edit(com.lzhpo.admin.entity.User)
2019-12-24 10:29:35.184 [restartedMain] INFO  o.s.w.s.m.m.a.RequestMappingHandlerMapping - Mapped "{[/admin/system/user/deleteSome],methods=[POST]}" onto public com.lzhpo.common.util.ResponseEntity com.lzhpo.admin.controller.UserController.deleteSome(java.util.List<com.lzhpo.admin.entity.User>)
2019-12-24 10:29:35.184 [restartedMain] INFO  o.s.w.s.m.m.a.RequestMappingHandlerMapping - Mapped "{[/admin/system/user/saveUserinfo],methods=[POST]}" onto public com.lzhpo.common.util.ResponseEntity com.lzhpo.admin.controller.UserController.saveUserInfo(com.lzhpo.admin.entity.User)
2019-12-24 10:29:35.185 [restartedMain] INFO  o.s.w.s.m.m.a.RequestMappingHandlerMapping - Mapped "{[/admin/system/user/userinfo],methods=[GET]}" onto public java.lang.String com.lzhpo.admin.controller.UserController.toEditMyInfo(org.springframework.ui.ModelMap)
2019-12-24 10:29:35.185 [restartedMain] INFO  o.s.w.s.m.m.a.RequestMappingHandlerMapping - Mapped "{[/admin/system/user/uploadFace],methods=[POST]}" onto public com.lzhpo.common.util.ResponseEntity com.lzhpo.admin.controller.UserController.uploadFile(org.springframework.web.multipart.MultipartFile,javax.servlet.http.HttpServletRequest)
2019-12-24 10:29:35.185 [restartedMain] INFO  o.s.w.s.m.m.a.RequestMappingHandlerMapping - Mapped "{[/admin/system/user/changePassword],methods=[POST]}" onto public com.lzhpo.common.util.ResponseEntity com.lzhpo.admin.controller.UserController.changePassword(java.lang.String,java.lang.String,java.lang.String)
2019-12-24 10:29:35.185 [restartedMain] INFO  o.s.w.s.m.m.a.RequestMappingHandlerMapping - Mapped "{[/admin/system/user/changePassword],methods=[GET]}" onto public java.lang.String com.lzhpo.admin.controller.UserController.changePassword(org.springframework.ui.ModelMap)
2019-12-24 10:29:35.186 [restartedMain] INFO  o.s.w.s.m.m.a.RequestMappingHandlerMapping - Mapped "{[/kaptcha]}" onto public void com.cuisongliu.kaptcha.autoconfigure.controller.KaptchaController.index(javax.servlet.http.HttpServletRequest,javax.servlet.http.HttpServletResponse)
2019-12-24 10:29:35.188 [restartedMain] INFO  o.s.w.s.m.m.a.RequestMappingHandlerMapping - Mapped "{[/error]}" onto public org.springframework.http.ResponseEntity<java.util.Map<java.lang.String, java.lang.Object>> org.springframework.boot.autoconfigure.web.servlet.error.BasicErrorController.error(javax.servlet.http.HttpServletRequest)
2019-12-24 10:29:35.188 [restartedMain] INFO  o.s.w.s.m.m.a.RequestMappingHandlerMapping - Mapped "{[/error],produces=[text/html]}" onto public org.springframework.web.servlet.ModelAndView org.springframework.boot.autoconfigure.web.servlet.error.BasicErrorController.errorHtml(javax.servlet.http.HttpServletRequest,javax.servlet.http.HttpServletResponse)
2019-12-24 10:29:35.258 [restartedMain] INFO  o.s.web.servlet.handler.SimpleUrlHandlerMapping - Mapped URL path [/webjars/**] onto handler of type [class org.springframework.web.servlet.resource.ResourceHttpRequestHandler]
2019-12-24 10:29:35.258 [restartedMain] INFO  o.s.web.servlet.handler.SimpleUrlHandlerMapping - Mapped URL path [/static/**] onto handler of type [class org.springframework.web.servlet.resource.ResourceHttpRequestHandler]
2019-12-24 10:29:36.419 [restartedMain] INFO  o.s.w.servlet.view.freemarker.FreeMarkerConfigurer - ClassTemplateLoader for Spring macros added to FreeMarker configuration
2019-12-24 10:29:36.745 [restartedMain] INFO  o.s.b.d.autoconfigure.OptionalLiveReloadServer - LiveReload server is running on port 35729
2019-12-24 10:29:36.801 [restartedMain] INFO  o.s.jmx.export.annotation.AnnotationMBeanExporter - Registering beans for JMX exposure on startup
2019-12-24 10:29:36.802 [restartedMain] INFO  o.s.jmx.export.annotation.AnnotationMBeanExporter - Bean with name 'druidDataSource' has been autodetected for JMX exposure
2019-12-24 10:29:36.803 [restartedMain] INFO  o.s.jmx.export.annotation.AnnotationMBeanExporter - Bean with name 'statFilter' has been autodetected for JMX exposure
2019-12-24 10:29:36.809 [restartedMain] INFO  o.s.jmx.export.annotation.AnnotationMBeanExporter - Located MBean 'statFilter': registering with JMX server as MBean [com.alibaba.druid.filter.stat:name=statFilter,type=StatFilter]
2019-12-24 10:29:36.810 [restartedMain] INFO  o.s.jmx.export.annotation.AnnotationMBeanExporter - Located MBean 'druidDataSource': registering with JMX server as MBean [com.alibaba.druid.pool:name=druidDataSource,type=DruidDataSource]
2019-12-24 10:29:36.821 [restartedMain] INFO  org.apache.coyote.http11.Http11NioProtocol - Starting ProtocolHandler ["http-nio-8080"]
2019-12-24 10:29:36.831 [restartedMain] INFO  org.apache.tomcat.util.net.NioSelectorPool - Using a shared selector for servlet write/read
2019-12-24 10:29:36.848 [restartedMain] INFO  o.s.boot.web.embedded.tomcat.TomcatWebServer - Tomcat started on port(s): 8080 (http) with context path ''
2019-12-24 10:29:36.852 [restartedMain] INFO  com.lzhpo.AdminApplication - Started AdminApplication in 8.157 seconds (JVM running for 9.45)
2019-12-24 10:29:41.857 [http-nio-8080-exec-1] INFO  o.a.c.core.ContainerBase.[Tomcat].[localhost].[/] - Initializing Spring FrameworkServlet 'dispatcherServlet'
2019-12-24 10:29:41.858 [http-nio-8080-exec-1] INFO  org.springframework.web.servlet.DispatcherServlet - FrameworkServlet 'dispatcherServlet': initialization started
2019-12-24 10:29:41.886 [http-nio-8080-exec-1] INFO  org.springframework.web.servlet.DispatcherServlet - FrameworkServlet 'dispatcherServlet': initialization completed in 28 ms
2019-12-24 10:29:41.921 [http-nio-8080-exec-1] INFO  o.a.s.session.mgt.AbstractValidatingSessionManager - Enabling session validation scheduler...
2019-12-24 10:29:42.656 [http-nio-8080-exec-4] INFO  com.lzhpo.admin.controller.LonginController - 本次生成的验证码为[7qnp],已存放到HttpSession中
2019-12-24 10:29:43.971 [http-nio-8080-exec-6] INFO  com.lzhpo.common.aspect.LogAspect - classMethod:======>com.lzhpo.admin.controller.LonginController.adminLogin
2019-12-24 10:29:43.972 [http-nio-8080-exec-6] INFO  com.lzhpo.common.aspect.LogAspect - method:======>POST
2019-12-24 10:29:44.031 [http-nio-8080-exec-6] INFO  com.lzhpo.common.aspect.LogAspect - params:======>["org.apache.shiro.web.servlet.ShiroHttpServletRequest@3ea1dcc"]
2019-12-24 10:29:44.031 [http-nio-8080-exec-6] INFO  com.lzhpo.common.aspect.LogAspect - session id :======>1d4cd961-f58b-49fb-9eee-0a6710bd351b
2019-12-24 10:29:44.031 [http-nio-8080-exec-6] INFO  com.lzhpo.common.aspect.LogAspect - mylog:======>用户登录
2019-12-24 10:29:44.191 [http-nio-8080-exec-6] INFO  com.lzhpo.common.aspect.LogAspect - user:======>管理员
2019-12-24 10:29:44.193 [http-nio-8080-exec-6] INFO  com.lzhpo.common.aspect.LogAspect - ret:======>{"success":true,"url":"index"}
2019-12-24 10:29:44.193 [http-nio-8080-exec-6] INFO  com.lzhpo.common.aspect.LogAspect - useTime:======>223
