2019-12-25 09:37:48.484 [restartedMain] DEBUG com.lzhpo.AdminApplication - Running with Spring Boot v2.0.3.RELEASE, Spring v5.0.7.RELEASE
2019-12-25 10:12:35.749 [main] DEBUG com.lzhpo.lzhposhiro.LzhpoShiroApplicationTests - Running with Spring Boot v2.0.3.RELEASE, Spring v5.0.7.RELEASE
2019-12-25 11:55:47.279 [main] DEBUG com.lzhpo.lzhposhiro.LzhpoShiroApplicationTests - Running with Spring Boot v2.0.3.RELEASE, Spring v5.0.7.RELEASE
2019-12-25 11:56:15.221 [main] DEBUG com.lzhpo.lzhposhiro.LzhpoShiroApplicationTests - Running with Spring Boot v2.0.3.RELEASE, Spring v5.0.7.RELEASE
2019-12-25 12:49:33.870 [main] DEBUG com.lzhpo.lzhposhiro.LzhpoShiroApplicationTests - Running with Spring Boot v2.0.3.RELEASE, Spring v5.0.7.RELEASE
2019-12-25 12:55:26.920 [restartedMain] DEBUG com.lzhpo.AdminApplication - Running with Spring Boot v2.0.3.RELEASE, Spring v5.0.7.RELEASE
2019-12-25 12:55:50.998 [http-nio-8080-exec-6] DEBUG com.lzhpo.admin.mapper.UserMapper.selectUserByMap - ==>  Preparing: SELECT u.id, u.login_name, u.nick_name, u.tel, u.email, u.password, u.salt, u.locked, u.is_admin, u.del_flag, u.icon, r.id AS "role.id", r.name AS "role.name", m.id AS "menu.id", m.name AS "menu.name", m.permission AS "menu.permission", m.href AS "menu.href", m.bg_color AS "menu.bgColor", m.icon AS "menu.icon", m.sort AS "menu.sort", u.remarks from sys_user u left join sys_user_role sur on sur.user_id = u.id left join sys_role r on r.id = sur.role_id left join sys_role_menu srm on srm.role_id = r.id left join sys_menu m on m.id = srm.menu_id where 1=1 and u.del_flag = false and r.del_flag = false and ( u.login_name = ? or u.tel = ? or u.email = ? ) 
2019-12-25 12:55:51.026 [http-nio-8080-exec-6] DEBUG com.lzhpo.admin.mapper.UserMapper.selectUserByMap - ==> Parameters: admin(String), admin(String), admin(String)
2019-12-25 12:55:51.056 [http-nio-8080-exec-6] DEBUG com.lzhpo.admin.mapper.UserMapper.selectUserByMap - <==      Total: 14
2019-12-25 12:55:51.090 [http-nio-8080-exec-6] DEBUG com.lzhpo.admin.controller.LonginController - admin用户2019-12-25:======》登陆系统!
2019-12-25 12:55:51.506 [http-nio-8080-exec-8] DEBUG c.l.admin.mapper.MenuMapper.selectShowMenuByUser - ==>  Preparing: SELECT distinct m.id as "id", m.parent_id as "pid", m.name as "title", m.icon as "icon", m.href as "href", m.sort, ? as "myuserId" FROM (select * from sys_menu where del_flag = FALSE ) m LEFT JOIN sys_role_menu srm on srm.menu_id = m.id LEFT JOIN sys_role r on r.id = srm.role_id LEFT JOIN sys_user_role sur on sur.role_id = r.id LEFT JOIN sys_user u on u.id = sur.user_id WHERE u.id = ? and m.parent_id is NULL and m.is_show = true order by m.sort desc 
2019-12-25 12:55:51.510 [http-nio-8080-exec-8] DEBUG c.l.admin.mapper.MenuMapper.selectShowMenuByUser - ==> Parameters: 1(String), 1(String)
2019-12-25 12:55:51.516 [http-nio-8080-exec-8] DEBUG c.l.admin.mapper.MenuMapper.selectShowMenuByUser - ====>  Preparing: SELECT distinct m.id as "id", m.parent_id as "pid", m.name as "title", m.icon as "icon", m.href as "href", m.sort, ? as "myuserId" FROM (select * from sys_menu where del_flag = FALSE ) m LEFT JOIN sys_role_menu srm on srm.menu_id = m.id LEFT JOIN sys_role r on r.id = srm.role_id LEFT JOIN sys_user_role sur on sur.role_id = r.id LEFT JOIN sys_user u on u.id = sur.user_id WHERE u.id = ? and m.parent_id = ? and m.is_show = true order by m.sort desc 
2019-12-25 12:55:51.522 [http-nio-8080-exec-8] DEBUG c.l.admin.mapper.MenuMapper.selectShowMenuByUser - ====> Parameters: 1(String), 1(String), 7d1020ee-9ad9-11e8-aebe-1368d4ec24eb(String)
2019-12-25 12:55:51.526 [http-nio-8080-exec-8] DEBUG c.l.admin.mapper.MenuMapper.selectShowMenuByUser - ======>  Preparing: SELECT distinct m.id as "id", m.parent_id as "pid", m.name as "title", m.icon as "icon", m.href as "href", m.sort, ? as "myuserId" FROM (select * from sys_menu where del_flag = FALSE ) m LEFT JOIN sys_role_menu srm on srm.menu_id = m.id LEFT JOIN sys_role r on r.id = srm.role_id LEFT JOIN sys_user_role sur on sur.role_id = r.id LEFT JOIN sys_user u on u.id = sur.user_id WHERE u.id = ? and m.parent_id = ? and m.is_show = true order by m.sort desc 
2019-12-25 12:55:51.529 [http-nio-8080-exec-8] DEBUG c.l.admin.mapper.MenuMapper.selectShowMenuByUser - ======> Parameters: 1(String), 1(String), 3b5cb607-9adb-11e8-aebe-1368d4ec24eb(String)
2019-12-25 12:55:51.530 [http-nio-8080-exec-8] DEBUG c.l.admin.mapper.MenuMapper.selectShowMenuByUser - <======      Total: 0
2019-12-25 12:55:51.531 [http-nio-8080-exec-8] DEBUG c.l.admin.mapper.MenuMapper.selectShowMenuByUser - ======>  Preparing: SELECT distinct m.id as "id", m.parent_id as "pid", m.name as "title", m.icon as "icon", m.href as "href", m.sort, ? as "myuserId" FROM (select * from sys_menu where del_flag = FALSE ) m LEFT JOIN sys_role_menu srm on srm.menu_id = m.id LEFT JOIN sys_role r on r.id = srm.role_id LEFT JOIN sys_user_role sur on sur.role_id = r.id LEFT JOIN sys_user u on u.id = sur.user_id WHERE u.id = ? and m.parent_id = ? and m.is_show = true order by m.sort desc 
2019-12-25 12:55:51.534 [http-nio-8080-exec-8] DEBUG c.l.admin.mapper.MenuMapper.selectShowMenuByUser - ======> Parameters: 1(String), 1(String), 3b58e01e-9adb-11e8-aebe-1368d4ec24eb(String)
2019-12-25 12:55:51.535 [http-nio-8080-exec-8] DEBUG c.l.admin.mapper.MenuMapper.selectShowMenuByUser - <======      Total: 0
2019-12-25 12:55:51.536 [http-nio-8080-exec-8] DEBUG c.l.admin.mapper.MenuMapper.selectShowMenuByUser - ======>  Preparing: SELECT distinct m.id as "id", m.parent_id as "pid", m.name as "title", m.icon as "icon", m.href as "href", m.sort, ? as "myuserId" FROM (select * from sys_menu where del_flag = FALSE ) m LEFT JOIN sys_role_menu srm on srm.menu_id = m.id LEFT JOIN sys_role r on r.id = srm.role_id LEFT JOIN sys_user_role sur on sur.role_id = r.id LEFT JOIN sys_user u on u.id = sur.user_id WHERE u.id = ? and m.parent_id = ? and m.is_show = true order by m.sort desc 
2019-12-25 12:55:51.540 [http-nio-8080-exec-8] DEBUG c.l.admin.mapper.MenuMapper.selectShowMenuByUser - ======> Parameters: 1(String), 1(String), 3b54e2a2-9adb-11e8-aebe-1368d4ec24eb(String)
2019-12-25 12:55:51.541 [http-nio-8080-exec-8] DEBUG c.l.admin.mapper.MenuMapper.selectShowMenuByUser - <======      Total: 0
2019-12-25 12:55:51.543 [http-nio-8080-exec-8] DEBUG c.l.admin.mapper.MenuMapper.selectShowMenuByUser - <====      Total: 3
2019-12-25 12:55:51.543 [http-nio-8080-exec-8] DEBUG c.l.admin.mapper.MenuMapper.selectShowMenuByUser - <==      Total: 1
2019-12-25 12:57:30.703 [http-nio-8080-exec-10] DEBUG c.l.admin.mapper.MenuMapper.selectShowMenuByUser - ==>  Preparing: SELECT distinct m.id as "id", m.parent_id as "pid", m.name as "title", m.icon as "icon", m.href as "href", m.sort, ? as "myuserId" FROM (select * from sys_menu where del_flag = FALSE ) m LEFT JOIN sys_role_menu srm on srm.menu_id = m.id LEFT JOIN sys_role r on r.id = srm.role_id LEFT JOIN sys_user_role sur on sur.role_id = r.id LEFT JOIN sys_user u on u.id = sur.user_id WHERE u.id = ? and m.parent_id is NULL and m.is_show = true order by m.sort desc 
2019-12-25 12:57:30.710 [http-nio-8080-exec-10] DEBUG c.l.admin.mapper.MenuMapper.selectShowMenuByUser - ==> Parameters: 1(String), 1(String)
2019-12-25 12:57:30.717 [http-nio-8080-exec-10] DEBUG c.l.admin.mapper.MenuMapper.selectShowMenuByUser - ====>  Preparing: SELECT distinct m.id as "id", m.parent_id as "pid", m.name as "title", m.icon as "icon", m.href as "href", m.sort, ? as "myuserId" FROM (select * from sys_menu where del_flag = FALSE ) m LEFT JOIN sys_role_menu srm on srm.menu_id = m.id LEFT JOIN sys_role r on r.id = srm.role_id LEFT JOIN sys_user_role sur on sur.role_id = r.id LEFT JOIN sys_user u on u.id = sur.user_id WHERE u.id = ? and m.parent_id = ? and m.is_show = true order by m.sort desc 
2019-12-25 12:57:30.730 [http-nio-8080-exec-10] DEBUG c.l.admin.mapper.MenuMapper.selectShowMenuByUser - ====> Parameters: 1(String), 1(String), 7d1020ee-9ad9-11e8-aebe-1368d4ec24eb(String)
2019-12-25 12:57:30.732 [http-nio-8080-exec-10] DEBUG c.l.admin.mapper.MenuMapper.selectShowMenuByUser - ======>  Preparing: SELECT distinct m.id as "id", m.parent_id as "pid", m.name as "title", m.icon as "icon", m.href as "href", m.sort, ? as "myuserId" FROM (select * from sys_menu where del_flag = FALSE ) m LEFT JOIN sys_role_menu srm on srm.menu_id = m.id LEFT JOIN sys_role r on r.id = srm.role_id LEFT JOIN sys_user_role sur on sur.role_id = r.id LEFT JOIN sys_user u on u.id = sur.user_id WHERE u.id = ? and m.parent_id = ? and m.is_show = true order by m.sort desc 
2019-12-25 12:57:30.735 [http-nio-8080-exec-10] DEBUG c.l.admin.mapper.MenuMapper.selectShowMenuByUser - ======> Parameters: 1(String), 1(String), 3b5cb607-9adb-11e8-aebe-1368d4ec24eb(String)
2019-12-25 12:57:30.736 [http-nio-8080-exec-10] DEBUG c.l.admin.mapper.MenuMapper.selectShowMenuByUser - <======      Total: 0
2019-12-25 12:57:30.738 [http-nio-8080-exec-10] DEBUG c.l.admin.mapper.MenuMapper.selectShowMenuByUser - ======>  Preparing: SELECT distinct m.id as "id", m.parent_id as "pid", m.name as "title", m.icon as "icon", m.href as "href", m.sort, ? as "myuserId" FROM (select * from sys_menu where del_flag = FALSE ) m LEFT JOIN sys_role_menu srm on srm.menu_id = m.id LEFT JOIN sys_role r on r.id = srm.role_id LEFT JOIN sys_user_role sur on sur.role_id = r.id LEFT JOIN sys_user u on u.id = sur.user_id WHERE u.id = ? and m.parent_id = ? and m.is_show = true order by m.sort desc 
2019-12-25 12:57:30.743 [http-nio-8080-exec-10] DEBUG c.l.admin.mapper.MenuMapper.selectShowMenuByUser - ======> Parameters: 1(String), 1(String), 3b58e01e-9adb-11e8-aebe-1368d4ec24eb(String)
2019-12-25 12:57:30.744 [http-nio-8080-exec-10] DEBUG c.l.admin.mapper.MenuMapper.selectShowMenuByUser - <======      Total: 0
2019-12-25 12:57:30.746 [http-nio-8080-exec-10] DEBUG c.l.admin.mapper.MenuMapper.selectShowMenuByUser - ======>  Preparing: SELECT distinct m.id as "id", m.parent_id as "pid", m.name as "title", m.icon as "icon", m.href as "href", m.sort, ? as "myuserId" FROM (select * from sys_menu where del_flag = FALSE ) m LEFT JOIN sys_role_menu srm on srm.menu_id = m.id LEFT JOIN sys_role r on r.id = srm.role_id LEFT JOIN sys_user_role sur on sur.role_id = r.id LEFT JOIN sys_user u on u.id = sur.user_id WHERE u.id = ? and m.parent_id = ? and m.is_show = true order by m.sort desc 
2019-12-25 12:57:30.748 [http-nio-8080-exec-10] DEBUG c.l.admin.mapper.MenuMapper.selectShowMenuByUser - ======> Parameters: 1(String), 1(String), 3b54e2a2-9adb-11e8-aebe-1368d4ec24eb(String)
2019-12-25 12:57:30.749 [http-nio-8080-exec-10] DEBUG c.l.admin.mapper.MenuMapper.selectShowMenuByUser - <======      Total: 0
2019-12-25 12:57:30.750 [http-nio-8080-exec-10] DEBUG c.l.admin.mapper.MenuMapper.selectShowMenuByUser - <====      Total: 3
2019-12-25 12:57:30.750 [http-nio-8080-exec-10] DEBUG c.l.admin.mapper.MenuMapper.selectShowMenuByUser - <==      Total: 1
2019-12-25 13:00:05.186 [http-nio-8080-exec-6] DEBUG com.lzhpo.admin.mapper.UserMapper.selectUserByMap - ==>  Preparing: SELECT u.id, u.login_name, u.nick_name, u.tel, u.email, u.password, u.salt, u.locked, u.is_admin, u.del_flag, u.icon, r.id AS "role.id", r.name AS "role.name", m.id AS "menu.id", m.name AS "menu.name", m.permission AS "menu.permission", m.href AS "menu.href", m.bg_color AS "menu.bgColor", m.icon AS "menu.icon", m.sort AS "menu.sort", u.remarks from sys_user u left join sys_user_role sur on sur.user_id = u.id left join sys_role r on r.id = sur.role_id left join sys_role_menu srm on srm.role_id = r.id left join sys_menu m on m.id = srm.menu_id where 1=1 and u.del_flag = false and r.del_flag = false and ( u.login_name = ? or u.tel = ? or u.email = ? ) 
2019-12-25 13:00:05.189 [http-nio-8080-exec-6] DEBUG com.lzhpo.admin.mapper.UserMapper.selectUserByMap - ==> Parameters: admin(String), admin(String), admin(String)
2019-12-25 13:00:05.193 [http-nio-8080-exec-6] DEBUG com.lzhpo.admin.mapper.UserMapper.selectUserByMap - <==      Total: 14
2019-12-25 13:00:05.195 [http-nio-8080-exec-6] DEBUG com.lzhpo.admin.controller.LonginController - admin用户2019-12-25:======》登陆系统!
2019-12-25 13:00:11.701 [http-nio-8080-exec-3] DEBUG c.l.admin.mapper.MenuMapper.selectShowMenuByUser - ==>  Preparing: SELECT distinct m.id as "id", m.parent_id as "pid", m.name as "title", m.icon as "icon", m.href as "href", m.sort, ? as "myuserId" FROM (select * from sys_menu where del_flag = FALSE ) m LEFT JOIN sys_role_menu srm on srm.menu_id = m.id LEFT JOIN sys_role r on r.id = srm.role_id LEFT JOIN sys_user_role sur on sur.role_id = r.id LEFT JOIN sys_user u on u.id = sur.user_id WHERE u.id = ? and m.parent_id is NULL and m.is_show = true order by m.sort desc 
2019-12-25 13:00:11.703 [http-nio-8080-exec-3] DEBUG c.l.admin.mapper.MenuMapper.selectShowMenuByUser - ==> Parameters: 1(String), 1(String)
2019-12-25 13:00:11.705 [http-nio-8080-exec-3] DEBUG c.l.admin.mapper.MenuMapper.selectShowMenuByUser - ====>  Preparing: SELECT distinct m.id as "id", m.parent_id as "pid", m.name as "title", m.icon as "icon", m.href as "href", m.sort, ? as "myuserId" FROM (select * from sys_menu where del_flag = FALSE ) m LEFT JOIN sys_role_menu srm on srm.menu_id = m.id LEFT JOIN sys_role r on r.id = srm.role_id LEFT JOIN sys_user_role sur on sur.role_id = r.id LEFT JOIN sys_user u on u.id = sur.user_id WHERE u.id = ? and m.parent_id = ? and m.is_show = true order by m.sort desc 
2019-12-25 13:00:11.708 [http-nio-8080-exec-3] DEBUG c.l.admin.mapper.MenuMapper.selectShowMenuByUser - ====> Parameters: 1(String), 1(String), 7d1020ee-9ad9-11e8-aebe-1368d4ec24eb(String)
2019-12-25 13:00:11.710 [http-nio-8080-exec-3] DEBUG c.l.admin.mapper.MenuMapper.selectShowMenuByUser - ======>  Preparing: SELECT distinct m.id as "id", m.parent_id as "pid", m.name as "title", m.icon as "icon", m.href as "href", m.sort, ? as "myuserId" FROM (select * from sys_menu where del_flag = FALSE ) m LEFT JOIN sys_role_menu srm on srm.menu_id = m.id LEFT JOIN sys_role r on r.id = srm.role_id LEFT JOIN sys_user_role sur on sur.role_id = r.id LEFT JOIN sys_user u on u.id = sur.user_id WHERE u.id = ? and m.parent_id = ? and m.is_show = true order by m.sort desc 
2019-12-25 13:00:11.713 [http-nio-8080-exec-3] DEBUG c.l.admin.mapper.MenuMapper.selectShowMenuByUser - ======> Parameters: 1(String), 1(String), 3b5cb607-9adb-11e8-aebe-1368d4ec24eb(String)
2019-12-25 13:00:11.715 [http-nio-8080-exec-3] DEBUG c.l.admin.mapper.MenuMapper.selectShowMenuByUser - <======      Total: 0
2019-12-25 13:00:11.717 [http-nio-8080-exec-3] DEBUG c.l.admin.mapper.MenuMapper.selectShowMenuByUser - ======>  Preparing: SELECT distinct m.id as "id", m.parent_id as "pid", m.name as "title", m.icon as "icon", m.href as "href", m.sort, ? as "myuserId" FROM (select * from sys_menu where del_flag = FALSE ) m LEFT JOIN sys_role_menu srm on srm.menu_id = m.id LEFT JOIN sys_role r on r.id = srm.role_id LEFT JOIN sys_user_role sur on sur.role_id = r.id LEFT JOIN sys_user u on u.id = sur.user_id WHERE u.id = ? and m.parent_id = ? and m.is_show = true order by m.sort desc 
2019-12-25 13:00:11.720 [http-nio-8080-exec-3] DEBUG c.l.admin.mapper.MenuMapper.selectShowMenuByUser - ======> Parameters: 1(String), 1(String), 3b58e01e-9adb-11e8-aebe-1368d4ec24eb(String)
2019-12-25 13:00:11.722 [http-nio-8080-exec-3] DEBUG c.l.admin.mapper.MenuMapper.selectShowMenuByUser - <======      Total: 0
2019-12-25 13:00:11.723 [http-nio-8080-exec-3] DEBUG c.l.admin.mapper.MenuMapper.selectShowMenuByUser - ======>  Preparing: SELECT distinct m.id as "id", m.parent_id as "pid", m.name as "title", m.icon as "icon", m.href as "href", m.sort, ? as "myuserId" FROM (select * from sys_menu where del_flag = FALSE ) m LEFT JOIN sys_role_menu srm on srm.menu_id = m.id LEFT JOIN sys_role r on r.id = srm.role_id LEFT JOIN sys_user_role sur on sur.role_id = r.id LEFT JOIN sys_user u on u.id = sur.user_id WHERE u.id = ? and m.parent_id = ? and m.is_show = true order by m.sort desc 
2019-12-25 13:00:11.726 [http-nio-8080-exec-3] DEBUG c.l.admin.mapper.MenuMapper.selectShowMenuByUser - ======> Parameters: 1(String), 1(String), 3b54e2a2-9adb-11e8-aebe-1368d4ec24eb(String)
2019-12-25 13:00:11.728 [http-nio-8080-exec-3] DEBUG c.l.admin.mapper.MenuMapper.selectShowMenuByUser - <======      Total: 0
2019-12-25 13:00:11.728 [http-nio-8080-exec-3] DEBUG c.l.admin.mapper.MenuMapper.selectShowMenuByUser - <====      Total: 3
2019-12-25 13:00:11.730 [http-nio-8080-exec-3] DEBUG c.l.admin.mapper.MenuMapper.selectShowMenuByUser - <==      Total: 1
2019-12-25 13:00:46.619 [restartedMain] DEBUG com.lzhpo.AdminApplication - Running with Spring Boot v2.0.3.RELEASE, Spring v5.0.7.RELEASE
2019-12-25 13:01:14.277 [restartedMain] DEBUG com.lzhpo.AdminApplication - Running with Spring Boot v2.0.3.RELEASE, Spring v5.0.7.RELEASE
2019-12-25 13:01:48.681 [restartedMain] DEBUG com.lzhpo.AdminApplication - Running with Spring Boot v2.0.3.RELEASE, Spring v5.0.7.RELEASE
2019-12-25 13:03:55.752 [restartedMain] DEBUG com.lzhpo.AdminApplication - Running with Spring Boot v2.0.3.RELEASE, Spring v5.0.7.RELEASE
2019-12-25 13:05:12.629 [restartedMain] DEBUG com.lzhpo.AdminApplication - Running with Spring Boot v2.0.3.RELEASE, Spring v5.0.7.RELEASE
2019-12-25 13:06:07.149 [restartedMain] DEBUG com.lzhpo.AdminApplication - Running with Spring Boot v2.0.3.RELEASE, Spring v5.0.7.RELEASE
2019-12-25 13:06:21.054 [http-nio-8080-exec-8] DEBUG com.lzhpo.admin.mapper.UserMapper.selectUserByMap - ==>  Preparing: SELECT u.id, u.login_name, u.nick_name, u.tel, u.email, u.password, u.salt, u.locked, u.is_admin, u.del_flag, u.icon, r.id AS "role.id", r.name AS "role.name", m.id AS "menu.id", m.name AS "menu.name", m.permission AS "menu.permission", m.href AS "menu.href", m.bg_color AS "menu.bgColor", m.icon AS "menu.icon", m.sort AS "menu.sort", u.remarks from sys_user u left join sys_user_role sur on sur.user_id = u.id left join sys_role r on r.id = sur.role_id left join sys_role_menu srm on srm.role_id = r.id left join sys_menu m on m.id = srm.menu_id where 1=1 and u.del_flag = false and r.del_flag = false and ( u.login_name = ? or u.tel = ? or u.email = ? ) 
2019-12-25 13:06:21.079 [http-nio-8080-exec-8] DEBUG com.lzhpo.admin.mapper.UserMapper.selectUserByMap - ==> Parameters: admin(String), admin(String), admin(String)
2019-12-25 13:06:21.094 [http-nio-8080-exec-8] DEBUG com.lzhpo.admin.mapper.UserMapper.selectUserByMap - <==      Total: 14
2019-12-25 13:06:21.110 [http-nio-8080-exec-8] DEBUG com.lzhpo.admin.controller.LonginController - admin用户2019-12-25:======》登陆系统!
2019-12-25 13:06:21.399 [http-nio-8080-exec-10] DEBUG c.l.admin.mapper.MenuMapper.selectShowMenuByUser - ==>  Preparing: SELECT distinct m.id as "id", m.parent_id as "pid", m.name as "title", m.icon as "icon", m.href as "href", m.sort, ? as "myuserId" FROM (select * from sys_menu where del_flag = FALSE ) m LEFT JOIN sys_role_menu srm on srm.menu_id = m.id LEFT JOIN sys_role r on r.id = srm.role_id LEFT JOIN sys_user_role sur on sur.role_id = r.id LEFT JOIN sys_user u on u.id = sur.user_id WHERE u.id = ? and m.parent_id is NULL and m.is_show = true order by m.sort desc 
2019-12-25 13:06:21.402 [http-nio-8080-exec-10] DEBUG c.l.admin.mapper.MenuMapper.selectShowMenuByUser - ==> Parameters: 1(String), 1(String)
2019-12-25 13:06:21.407 [http-nio-8080-exec-10] DEBUG c.l.admin.mapper.MenuMapper.selectShowMenuByUser - ====>  Preparing: SELECT distinct m.id as "id", m.parent_id as "pid", m.name as "title", m.icon as "icon", m.href as "href", m.sort, ? as "myuserId" FROM (select * from sys_menu where del_flag = FALSE ) m LEFT JOIN sys_role_menu srm on srm.menu_id = m.id LEFT JOIN sys_role r on r.id = srm.role_id LEFT JOIN sys_user_role sur on sur.role_id = r.id LEFT JOIN sys_user u on u.id = sur.user_id WHERE u.id = ? and m.parent_id = ? and m.is_show = true order by m.sort desc 
2019-12-25 13:06:21.413 [http-nio-8080-exec-10] DEBUG c.l.admin.mapper.MenuMapper.selectShowMenuByUser - ====> Parameters: 1(String), 1(String), 7d1020ee-9ad9-11e8-aebe-1368d4ec24eb(String)
2019-12-25 13:06:21.415 [http-nio-8080-exec-10] DEBUG c.l.admin.mapper.MenuMapper.selectShowMenuByUser - ======>  Preparing: SELECT distinct m.id as "id", m.parent_id as "pid", m.name as "title", m.icon as "icon", m.href as "href", m.sort, ? as "myuserId" FROM (select * from sys_menu where del_flag = FALSE ) m LEFT JOIN sys_role_menu srm on srm.menu_id = m.id LEFT JOIN sys_role r on r.id = srm.role_id LEFT JOIN sys_user_role sur on sur.role_id = r.id LEFT JOIN sys_user u on u.id = sur.user_id WHERE u.id = ? and m.parent_id = ? and m.is_show = true order by m.sort desc 
2019-12-25 13:06:21.418 [http-nio-8080-exec-10] DEBUG c.l.admin.mapper.MenuMapper.selectShowMenuByUser - ======> Parameters: 1(String), 1(String), 3b5cb607-9adb-11e8-aebe-1368d4ec24eb(String)
2019-12-25 13:06:21.419 [http-nio-8080-exec-10] DEBUG c.l.admin.mapper.MenuMapper.selectShowMenuByUser - <======      Total: 0
2019-12-25 13:06:21.421 [http-nio-8080-exec-10] DEBUG c.l.admin.mapper.MenuMapper.selectShowMenuByUser - ======>  Preparing: SELECT distinct m.id as "id", m.parent_id as "pid", m.name as "title", m.icon as "icon", m.href as "href", m.sort, ? as "myuserId" FROM (select * from sys_menu where del_flag = FALSE ) m LEFT JOIN sys_role_menu srm on srm.menu_id = m.id LEFT JOIN sys_role r on r.id = srm.role_id LEFT JOIN sys_user_role sur on sur.role_id = r.id LEFT JOIN sys_user u on u.id = sur.user_id WHERE u.id = ? and m.parent_id = ? and m.is_show = true order by m.sort desc 
2019-12-25 13:06:21.425 [http-nio-8080-exec-10] DEBUG c.l.admin.mapper.MenuMapper.selectShowMenuByUser - ======> Parameters: 1(String), 1(String), 3b58e01e-9adb-11e8-aebe-1368d4ec24eb(String)
2019-12-25 13:06:21.426 [http-nio-8080-exec-10] DEBUG c.l.admin.mapper.MenuMapper.selectShowMenuByUser - <======      Total: 0
2019-12-25 13:06:21.427 [http-nio-8080-exec-10] DEBUG c.l.admin.mapper.MenuMapper.selectShowMenuByUser - ======>  Preparing: SELECT distinct m.id as "id", m.parent_id as "pid", m.name as "title", m.icon as "icon", m.href as "href", m.sort, ? as "myuserId" FROM (select * from sys_menu where del_flag = FALSE ) m LEFT JOIN sys_role_menu srm on srm.menu_id = m.id LEFT JOIN sys_role r on r.id = srm.role_id LEFT JOIN sys_user_role sur on sur.role_id = r.id LEFT JOIN sys_user u on u.id = sur.user_id WHERE u.id = ? and m.parent_id = ? and m.is_show = true order by m.sort desc 
2019-12-25 13:06:21.430 [http-nio-8080-exec-10] DEBUG c.l.admin.mapper.MenuMapper.selectShowMenuByUser - ======> Parameters: 1(String), 1(String), 3b54e2a2-9adb-11e8-aebe-1368d4ec24eb(String)
2019-12-25 13:06:21.431 [http-nio-8080-exec-10] DEBUG c.l.admin.mapper.MenuMapper.selectShowMenuByUser - <======      Total: 0
2019-12-25 13:06:21.432 [http-nio-8080-exec-10] DEBUG c.l.admin.mapper.MenuMapper.selectShowMenuByUser - <====      Total: 3
2019-12-25 13:06:21.433 [http-nio-8080-exec-10] DEBUG c.l.admin.mapper.MenuMapper.selectShowMenuByUser - <==      Total: 1
2019-12-25 13:10:49.233 [http-nio-8080-exec-2] DEBUG c.l.admin.mapper.MenuMapper.selectShowMenuByUser - ==>  Preparing: SELECT distinct m.id as "id", m.parent_id as "pid", m.name as "title", m.icon as "icon", m.href as "href", m.sort, ? as "myuserId" FROM (select * from sys_menu where del_flag = FALSE ) m LEFT JOIN sys_role_menu srm on srm.menu_id = m.id LEFT JOIN sys_role r on r.id = srm.role_id LEFT JOIN sys_user_role sur on sur.role_id = r.id LEFT JOIN sys_user u on u.id = sur.user_id WHERE u.id = ? and m.parent_id is NULL and m.is_show = true order by m.sort desc 
2019-12-25 13:10:49.236 [http-nio-8080-exec-2] DEBUG c.l.admin.mapper.MenuMapper.selectShowMenuByUser - ==> Parameters: 1(String), 1(String)
2019-12-25 13:10:49.239 [http-nio-8080-exec-2] DEBUG c.l.admin.mapper.MenuMapper.selectShowMenuByUser - ====>  Preparing: SELECT distinct m.id as "id", m.parent_id as "pid", m.name as "title", m.icon as "icon", m.href as "href", m.sort, ? as "myuserId" FROM (select * from sys_menu where del_flag = FALSE ) m LEFT JOIN sys_role_menu srm on srm.menu_id = m.id LEFT JOIN sys_role r on r.id = srm.role_id LEFT JOIN sys_user_role sur on sur.role_id = r.id LEFT JOIN sys_user u on u.id = sur.user_id WHERE u.id = ? and m.parent_id = ? and m.is_show = true order by m.sort desc 
2019-12-25 13:10:49.247 [http-nio-8080-exec-2] DEBUG c.l.admin.mapper.MenuMapper.selectShowMenuByUser - ====> Parameters: 1(String), 1(String), 7d1020ee-9ad9-11e8-aebe-1368d4ec24eb(String)
2019-12-25 13:10:49.249 [http-nio-8080-exec-2] DEBUG c.l.admin.mapper.MenuMapper.selectShowMenuByUser - ======>  Preparing: SELECT distinct m.id as "id", m.parent_id as "pid", m.name as "title", m.icon as "icon", m.href as "href", m.sort, ? as "myuserId" FROM (select * from sys_menu where del_flag = FALSE ) m LEFT JOIN sys_role_menu srm on srm.menu_id = m.id LEFT JOIN sys_role r on r.id = srm.role_id LEFT JOIN sys_user_role sur on sur.role_id = r.id LEFT JOIN sys_user u on u.id = sur.user_id WHERE u.id = ? and m.parent_id = ? and m.is_show = true order by m.sort desc 
2019-12-25 13:10:49.252 [http-nio-8080-exec-2] DEBUG c.l.admin.mapper.MenuMapper.selectShowMenuByUser - ======> Parameters: 1(String), 1(String), 3b5cb607-9adb-11e8-aebe-1368d4ec24eb(String)
2019-12-25 13:10:49.253 [http-nio-8080-exec-2] DEBUG c.l.admin.mapper.MenuMapper.selectShowMenuByUser - <======      Total: 0
2019-12-25 13:10:49.255 [http-nio-8080-exec-2] DEBUG c.l.admin.mapper.MenuMapper.selectShowMenuByUser - ======>  Preparing: SELECT distinct m.id as "id", m.parent_id as "pid", m.name as "title", m.icon as "icon", m.href as "href", m.sort, ? as "myuserId" FROM (select * from sys_menu where del_flag = FALSE ) m LEFT JOIN sys_role_menu srm on srm.menu_id = m.id LEFT JOIN sys_role r on r.id = srm.role_id LEFT JOIN sys_user_role sur on sur.role_id = r.id LEFT JOIN sys_user u on u.id = sur.user_id WHERE u.id = ? and m.parent_id = ? and m.is_show = true order by m.sort desc 
2019-12-25 13:10:49.259 [http-nio-8080-exec-2] DEBUG c.l.admin.mapper.MenuMapper.selectShowMenuByUser - ======> Parameters: 1(String), 1(String), 3b58e01e-9adb-11e8-aebe-1368d4ec24eb(String)
2019-12-25 13:10:49.261 [http-nio-8080-exec-2] DEBUG c.l.admin.mapper.MenuMapper.selectShowMenuByUser - <======      Total: 0
2019-12-25 13:10:49.262 [http-nio-8080-exec-2] DEBUG c.l.admin.mapper.MenuMapper.selectShowMenuByUser - ======>  Preparing: SELECT distinct m.id as "id", m.parent_id as "pid", m.name as "title", m.icon as "icon", m.href as "href", m.sort, ? as "myuserId" FROM (select * from sys_menu where del_flag = FALSE ) m LEFT JOIN sys_role_menu srm on srm.menu_id = m.id LEFT JOIN sys_role r on r.id = srm.role_id LEFT JOIN sys_user_role sur on sur.role_id = r.id LEFT JOIN sys_user u on u.id = sur.user_id WHERE u.id = ? and m.parent_id = ? and m.is_show = true order by m.sort desc 
2019-12-25 13:10:49.266 [http-nio-8080-exec-2] DEBUG c.l.admin.mapper.MenuMapper.selectShowMenuByUser - ======> Parameters: 1(String), 1(String), 3b54e2a2-9adb-11e8-aebe-1368d4ec24eb(String)
2019-12-25 13:10:49.267 [http-nio-8080-exec-2] DEBUG c.l.admin.mapper.MenuMapper.selectShowMenuByUser - <======      Total: 0
2019-12-25 13:10:49.267 [http-nio-8080-exec-2] DEBUG c.l.admin.mapper.MenuMapper.selectShowMenuByUser - <====      Total: 3
2019-12-25 13:10:49.268 [http-nio-8080-exec-2] DEBUG c.l.admin.mapper.MenuMapper.selectShowMenuByUser - <==      Total: 1
2019-12-25 13:11:15.645 [http-nio-8080-exec-10] DEBUG c.l.admin.mapper.MenuMapper.selectShowMenuByUser - ==>  Preparing: SELECT distinct m.id as "id", m.parent_id as "pid", m.name as "title", m.icon as "icon", m.href as "href", m.sort, ? as "myuserId" FROM (select * from sys_menu where del_flag = FALSE ) m LEFT JOIN sys_role_menu srm on srm.menu_id = m.id LEFT JOIN sys_role r on r.id = srm.role_id LEFT JOIN sys_user_role sur on sur.role_id = r.id LEFT JOIN sys_user u on u.id = sur.user_id WHERE u.id = ? and m.parent_id is NULL and m.is_show = true order by m.sort desc 
2019-12-25 13:11:15.647 [http-nio-8080-exec-10] DEBUG c.l.admin.mapper.MenuMapper.selectShowMenuByUser - ==> Parameters: 1(String), 1(String)
2019-12-25 13:11:15.649 [http-nio-8080-exec-10] DEBUG c.l.admin.mapper.MenuMapper.selectShowMenuByUser - ====>  Preparing: SELECT distinct m.id as "id", m.parent_id as "pid", m.name as "title", m.icon as "icon", m.href as "href", m.sort, ? as "myuserId" FROM (select * from sys_menu where del_flag = FALSE ) m LEFT JOIN sys_role_menu srm on srm.menu_id = m.id LEFT JOIN sys_role r on r.id = srm.role_id LEFT JOIN sys_user_role sur on sur.role_id = r.id LEFT JOIN sys_user u on u.id = sur.user_id WHERE u.id = ? and m.parent_id = ? and m.is_show = true order by m.sort desc 
2019-12-25 13:11:15.652 [http-nio-8080-exec-10] DEBUG c.l.admin.mapper.MenuMapper.selectShowMenuByUser - ====> Parameters: 1(String), 1(String), 7d1020ee-9ad9-11e8-aebe-1368d4ec24eb(String)
2019-12-25 13:11:15.664 [http-nio-8080-exec-10] DEBUG c.l.admin.mapper.MenuMapper.selectShowMenuByUser - ======>  Preparing: SELECT distinct m.id as "id", m.parent_id as "pid", m.name as "title", m.icon as "icon", m.href as "href", m.sort, ? as "myuserId" FROM (select * from sys_menu where del_flag = FALSE ) m LEFT JOIN sys_role_menu srm on srm.menu_id = m.id LEFT JOIN sys_role r on r.id = srm.role_id LEFT JOIN sys_user_role sur on sur.role_id = r.id LEFT JOIN sys_user u on u.id = sur.user_id WHERE u.id = ? and m.parent_id = ? and m.is_show = true order by m.sort desc 
2019-12-25 13:11:15.666 [http-nio-8080-exec-10] DEBUG c.l.admin.mapper.MenuMapper.selectShowMenuByUser - ======> Parameters: 1(String), 1(String), 3b5cb607-9adb-11e8-aebe-1368d4ec24eb(String)
2019-12-25 13:11:15.667 [http-nio-8080-exec-10] DEBUG c.l.admin.mapper.MenuMapper.selectShowMenuByUser - <======      Total: 0
2019-12-25 13:11:15.668 [http-nio-8080-exec-10] DEBUG c.l.admin.mapper.MenuMapper.selectShowMenuByUser - ======>  Preparing: SELECT distinct m.id as "id", m.parent_id as "pid", m.name as "title", m.icon as "icon", m.href as "href", m.sort, ? as "myuserId" FROM (select * from sys_menu where del_flag = FALSE ) m LEFT JOIN sys_role_menu srm on srm.menu_id = m.id LEFT JOIN sys_role r on r.id = srm.role_id LEFT JOIN sys_user_role sur on sur.role_id = r.id LEFT JOIN sys_user u on u.id = sur.user_id WHERE u.id = ? and m.parent_id = ? and m.is_show = true order by m.sort desc 
2019-12-25 13:11:15.671 [http-nio-8080-exec-10] DEBUG c.l.admin.mapper.MenuMapper.selectShowMenuByUser - ======> Parameters: 1(String), 1(String), 3b58e01e-9adb-11e8-aebe-1368d4ec24eb(String)
2019-12-25 13:11:15.671 [http-nio-8080-exec-10] DEBUG c.l.admin.mapper.MenuMapper.selectShowMenuByUser - <======      Total: 0
2019-12-25 13:11:15.673 [http-nio-8080-exec-10] DEBUG c.l.admin.mapper.MenuMapper.selectShowMenuByUser - ======>  Preparing: SELECT distinct m.id as "id", m.parent_id as "pid", m.name as "title", m.icon as "icon", m.href as "href", m.sort, ? as "myuserId" FROM (select * from sys_menu where del_flag = FALSE ) m LEFT JOIN sys_role_menu srm on srm.menu_id = m.id LEFT JOIN sys_role r on r.id = srm.role_id LEFT JOIN sys_user_role sur on sur.role_id = r.id LEFT JOIN sys_user u on u.id = sur.user_id WHERE u.id = ? and m.parent_id = ? and m.is_show = true order by m.sort desc 
2019-12-25 13:11:15.677 [http-nio-8080-exec-10] DEBUG c.l.admin.mapper.MenuMapper.selectShowMenuByUser - ======> Parameters: 1(String), 1(String), 3b54e2a2-9adb-11e8-aebe-1368d4ec24eb(String)
2019-12-25 13:11:15.679 [http-nio-8080-exec-10] DEBUG c.l.admin.mapper.MenuMapper.selectShowMenuByUser - <======      Total: 0
2019-12-25 13:11:15.680 [http-nio-8080-exec-10] DEBUG c.l.admin.mapper.MenuMapper.selectShowMenuByUser - <====      Total: 3
2019-12-25 13:11:15.680 [http-nio-8080-exec-10] DEBUG c.l.admin.mapper.MenuMapper.selectShowMenuByUser - <==      Total: 1
2019-12-25 13:11:56.647 [http-nio-8080-exec-8] DEBUG c.l.admin.mapper.MenuMapper.selectShowMenuByUser - ==>  Preparing: SELECT distinct m.id as "id", m.parent_id as "pid", m.name as "title", m.icon as "icon", m.href as "href", m.sort, ? as "myuserId" FROM (select * from sys_menu where del_flag = FALSE ) m LEFT JOIN sys_role_menu srm on srm.menu_id = m.id LEFT JOIN sys_role r on r.id = srm.role_id LEFT JOIN sys_user_role sur on sur.role_id = r.id LEFT JOIN sys_user u on u.id = sur.user_id WHERE u.id = ? and m.parent_id is NULL and m.is_show = true order by m.sort desc 
2019-12-25 13:11:56.650 [http-nio-8080-exec-8] DEBUG c.l.admin.mapper.MenuMapper.selectShowMenuByUser - ==> Parameters: 1(String), 1(String)
2019-12-25 13:11:56.653 [http-nio-8080-exec-8] DEBUG c.l.admin.mapper.MenuMapper.selectShowMenuByUser - ====>  Preparing: SELECT distinct m.id as "id", m.parent_id as "pid", m.name as "title", m.icon as "icon", m.href as "href", m.sort, ? as "myuserId" FROM (select * from sys_menu where del_flag = FALSE ) m LEFT JOIN sys_role_menu srm on srm.menu_id = m.id LEFT JOIN sys_role r on r.id = srm.role_id LEFT JOIN sys_user_role sur on sur.role_id = r.id LEFT JOIN sys_user u on u.id = sur.user_id WHERE u.id = ? and m.parent_id = ? and m.is_show = true order by m.sort desc 
2019-12-25 13:11:56.655 [http-nio-8080-exec-8] DEBUG c.l.admin.mapper.MenuMapper.selectShowMenuByUser - ====> Parameters: 1(String), 1(String), 7d1020ee-9ad9-11e8-aebe-1368d4ec24eb(String)
2019-12-25 13:11:56.656 [http-nio-8080-exec-8] DEBUG c.l.admin.mapper.MenuMapper.selectShowMenuByUser - ======>  Preparing: SELECT distinct m.id as "id", m.parent_id as "pid", m.name as "title", m.icon as "icon", m.href as "href", m.sort, ? as "myuserId" FROM (select * from sys_menu where del_flag = FALSE ) m LEFT JOIN sys_role_menu srm on srm.menu_id = m.id LEFT JOIN sys_role r on r.id = srm.role_id LEFT JOIN sys_user_role sur on sur.role_id = r.id LEFT JOIN sys_user u on u.id = sur.user_id WHERE u.id = ? and m.parent_id = ? and m.is_show = true order by m.sort desc 
2019-12-25 13:11:56.659 [http-nio-8080-exec-8] DEBUG c.l.admin.mapper.MenuMapper.selectShowMenuByUser - ======> Parameters: 1(String), 1(String), 3b5cb607-9adb-11e8-aebe-1368d4ec24eb(String)
2019-12-25 13:11:56.660 [http-nio-8080-exec-8] DEBUG c.l.admin.mapper.MenuMapper.selectShowMenuByUser - <======      Total: 0
2019-12-25 13:11:56.661 [http-nio-8080-exec-8] DEBUG c.l.admin.mapper.MenuMapper.selectShowMenuByUser - ======>  Preparing: SELECT distinct m.id as "id", m.parent_id as "pid", m.name as "title", m.icon as "icon", m.href as "href", m.sort, ? as "myuserId" FROM (select * from sys_menu where del_flag = FALSE ) m LEFT JOIN sys_role_menu srm on srm.menu_id = m.id LEFT JOIN sys_role r on r.id = srm.role_id LEFT JOIN sys_user_role sur on sur.role_id = r.id LEFT JOIN sys_user u on u.id = sur.user_id WHERE u.id = ? and m.parent_id = ? and m.is_show = true order by m.sort desc 
2019-12-25 13:11:56.663 [http-nio-8080-exec-8] DEBUG c.l.admin.mapper.MenuMapper.selectShowMenuByUser - ======> Parameters: 1(String), 1(String), 3b58e01e-9adb-11e8-aebe-1368d4ec24eb(String)
2019-12-25 13:11:56.664 [http-nio-8080-exec-8] DEBUG c.l.admin.mapper.MenuMapper.selectShowMenuByUser - <======      Total: 0
2019-12-25 13:11:56.666 [http-nio-8080-exec-8] DEBUG c.l.admin.mapper.MenuMapper.selectShowMenuByUser - ======>  Preparing: SELECT distinct m.id as "id", m.parent_id as "pid", m.name as "title", m.icon as "icon", m.href as "href", m.sort, ? as "myuserId" FROM (select * from sys_menu where del_flag = FALSE ) m LEFT JOIN sys_role_menu srm on srm.menu_id = m.id LEFT JOIN sys_role r on r.id = srm.role_id LEFT JOIN sys_user_role sur on sur.role_id = r.id LEFT JOIN sys_user u on u.id = sur.user_id WHERE u.id = ? and m.parent_id = ? and m.is_show = true order by m.sort desc 
2019-12-25 13:11:56.670 [http-nio-8080-exec-8] DEBUG c.l.admin.mapper.MenuMapper.selectShowMenuByUser - ======> Parameters: 1(String), 1(String), 3b54e2a2-9adb-11e8-aebe-1368d4ec24eb(String)
2019-12-25 13:11:56.671 [http-nio-8080-exec-8] DEBUG c.l.admin.mapper.MenuMapper.selectShowMenuByUser - <======      Total: 0
2019-12-25 13:11:56.671 [http-nio-8080-exec-8] DEBUG c.l.admin.mapper.MenuMapper.selectShowMenuByUser - <====      Total: 3
2019-12-25 13:11:56.672 [http-nio-8080-exec-8] DEBUG c.l.admin.mapper.MenuMapper.selectShowMenuByUser - <==      Total: 1
2019-12-25 13:12:24.576 [http-nio-8080-exec-6] DEBUG c.l.admin.mapper.MenuMapper.selectShowMenuByUser - ==>  Preparing: SELECT distinct m.id as "id", m.parent_id as "pid", m.name as "title", m.icon as "icon", m.href as "href", m.sort, ? as "myuserId" FROM (select * from sys_menu where del_flag = FALSE ) m LEFT JOIN sys_role_menu srm on srm.menu_id = m.id LEFT JOIN sys_role r on r.id = srm.role_id LEFT JOIN sys_user_role sur on sur.role_id = r.id LEFT JOIN sys_user u on u.id = sur.user_id WHERE u.id = ? and m.parent_id is NULL and m.is_show = true order by m.sort desc 
2019-12-25 13:12:24.578 [http-nio-8080-exec-6] DEBUG c.l.admin.mapper.MenuMapper.selectShowMenuByUser - ==> Parameters: 1(String), 1(String)
2019-12-25 13:12:24.580 [http-nio-8080-exec-6] DEBUG c.l.admin.mapper.MenuMapper.selectShowMenuByUser - ====>  Preparing: SELECT distinct m.id as "id", m.parent_id as "pid", m.name as "title", m.icon as "icon", m.href as "href", m.sort, ? as "myuserId" FROM (select * from sys_menu where del_flag = FALSE ) m LEFT JOIN sys_role_menu srm on srm.menu_id = m.id LEFT JOIN sys_role r on r.id = srm.role_id LEFT JOIN sys_user_role sur on sur.role_id = r.id LEFT JOIN sys_user u on u.id = sur.user_id WHERE u.id = ? and m.parent_id = ? and m.is_show = true order by m.sort desc 
2019-12-25 13:12:24.583 [http-nio-8080-exec-6] DEBUG c.l.admin.mapper.MenuMapper.selectShowMenuByUser - ====> Parameters: 1(String), 1(String), 7d1020ee-9ad9-11e8-aebe-1368d4ec24eb(String)
2019-12-25 13:12:24.584 [http-nio-8080-exec-6] DEBUG c.l.admin.mapper.MenuMapper.selectShowMenuByUser - ======>  Preparing: SELECT distinct m.id as "id", m.parent_id as "pid", m.name as "title", m.icon as "icon", m.href as "href", m.sort, ? as "myuserId" FROM (select * from sys_menu where del_flag = FALSE ) m LEFT JOIN sys_role_menu srm on srm.menu_id = m.id LEFT JOIN sys_role r on r.id = srm.role_id LEFT JOIN sys_user_role sur on sur.role_id = r.id LEFT JOIN sys_user u on u.id = sur.user_id WHERE u.id = ? and m.parent_id = ? and m.is_show = true order by m.sort desc 
2019-12-25 13:12:24.587 [http-nio-8080-exec-6] DEBUG c.l.admin.mapper.MenuMapper.selectShowMenuByUser - ======> Parameters: 1(String), 1(String), 3b5cb607-9adb-11e8-aebe-1368d4ec24eb(String)
2019-12-25 13:12:24.588 [http-nio-8080-exec-6] DEBUG c.l.admin.mapper.MenuMapper.selectShowMenuByUser - <======      Total: 0
2019-12-25 13:12:24.589 [http-nio-8080-exec-6] DEBUG c.l.admin.mapper.MenuMapper.selectShowMenuByUser - ======>  Preparing: SELECT distinct m.id as "id", m.parent_id as "pid", m.name as "title", m.icon as "icon", m.href as "href", m.sort, ? as "myuserId" FROM (select * from sys_menu where del_flag = FALSE ) m LEFT JOIN sys_role_menu srm on srm.menu_id = m.id LEFT JOIN sys_role r on r.id = srm.role_id LEFT JOIN sys_user_role sur on sur.role_id = r.id LEFT JOIN sys_user u on u.id = sur.user_id WHERE u.id = ? and m.parent_id = ? and m.is_show = true order by m.sort desc 
2019-12-25 13:12:24.592 [http-nio-8080-exec-6] DEBUG c.l.admin.mapper.MenuMapper.selectShowMenuByUser - ======> Parameters: 1(String), 1(String), 3b58e01e-9adb-11e8-aebe-1368d4ec24eb(String)
2019-12-25 13:12:24.593 [http-nio-8080-exec-6] DEBUG c.l.admin.mapper.MenuMapper.selectShowMenuByUser - <======      Total: 0
2019-12-25 13:12:24.594 [http-nio-8080-exec-6] DEBUG c.l.admin.mapper.MenuMapper.selectShowMenuByUser - ======>  Preparing: SELECT distinct m.id as "id", m.parent_id as "pid", m.name as "title", m.icon as "icon", m.href as "href", m.sort, ? as "myuserId" FROM (select * from sys_menu where del_flag = FALSE ) m LEFT JOIN sys_role_menu srm on srm.menu_id = m.id LEFT JOIN sys_role r on r.id = srm.role_id LEFT JOIN sys_user_role sur on sur.role_id = r.id LEFT JOIN sys_user u on u.id = sur.user_id WHERE u.id = ? and m.parent_id = ? and m.is_show = true order by m.sort desc 
2019-12-25 13:12:24.597 [http-nio-8080-exec-6] DEBUG c.l.admin.mapper.MenuMapper.selectShowMenuByUser - ======> Parameters: 1(String), 1(String), 3b54e2a2-9adb-11e8-aebe-1368d4ec24eb(String)
2019-12-25 13:12:24.597 [http-nio-8080-exec-6] DEBUG c.l.admin.mapper.MenuMapper.selectShowMenuByUser - <======      Total: 0
2019-12-25 13:12:24.598 [http-nio-8080-exec-6] DEBUG c.l.admin.mapper.MenuMapper.selectShowMenuByUser - <====      Total: 3
2019-12-25 13:12:24.599 [http-nio-8080-exec-6] DEBUG c.l.admin.mapper.MenuMapper.selectShowMenuByUser - <==      Total: 1
2019-12-25 13:12:46.417 [http-nio-8080-exec-10] DEBUG c.l.admin.mapper.MenuMapper.selectShowMenuByUser - ==>  Preparing: SELECT distinct m.id as "id", m.parent_id as "pid", m.name as "title", m.icon as "icon", m.href as "href", m.sort, ? as "myuserId" FROM (select * from sys_menu where del_flag = FALSE ) m LEFT JOIN sys_role_menu srm on srm.menu_id = m.id LEFT JOIN sys_role r on r.id = srm.role_id LEFT JOIN sys_user_role sur on sur.role_id = r.id LEFT JOIN sys_user u on u.id = sur.user_id WHERE u.id = ? and m.parent_id is NULL and m.is_show = true order by m.sort desc 
2019-12-25 13:12:46.419 [http-nio-8080-exec-10] DEBUG c.l.admin.mapper.MenuMapper.selectShowMenuByUser - ==> Parameters: 1(String), 1(String)
2019-12-25 13:12:46.421 [http-nio-8080-exec-10] DEBUG c.l.admin.mapper.MenuMapper.selectShowMenuByUser - ====>  Preparing: SELECT distinct m.id as "id", m.parent_id as "pid", m.name as "title", m.icon as "icon", m.href as "href", m.sort, ? as "myuserId" FROM (select * from sys_menu where del_flag = FALSE ) m LEFT JOIN sys_role_menu srm on srm.menu_id = m.id LEFT JOIN sys_role r on r.id = srm.role_id LEFT JOIN sys_user_role sur on sur.role_id = r.id LEFT JOIN sys_user u on u.id = sur.user_id WHERE u.id = ? and m.parent_id = ? and m.is_show = true order by m.sort desc 
2019-12-25 13:12:46.424 [http-nio-8080-exec-10] DEBUG c.l.admin.mapper.MenuMapper.selectShowMenuByUser - ====> Parameters: 1(String), 1(String), 7d1020ee-9ad9-11e8-aebe-1368d4ec24eb(String)
2019-12-25 13:12:46.430 [http-nio-8080-exec-10] DEBUG c.l.admin.mapper.MenuMapper.selectShowMenuByUser - ======>  Preparing: SELECT distinct m.id as "id", m.parent_id as "pid", m.name as "title", m.icon as "icon", m.href as "href", m.sort, ? as "myuserId" FROM (select * from sys_menu where del_flag = FALSE ) m LEFT JOIN sys_role_menu srm on srm.menu_id = m.id LEFT JOIN sys_role r on r.id = srm.role_id LEFT JOIN sys_user_role sur on sur.role_id = r.id LEFT JOIN sys_user u on u.id = sur.user_id WHERE u.id = ? and m.parent_id = ? and m.is_show = true order by m.sort desc 
2019-12-25 13:12:46.433 [http-nio-8080-exec-10] DEBUG c.l.admin.mapper.MenuMapper.selectShowMenuByUser - ======> Parameters: 1(String), 1(String), 3b5cb607-9adb-11e8-aebe-1368d4ec24eb(String)
2019-12-25 13:12:46.434 [http-nio-8080-exec-10] DEBUG c.l.admin.mapper.MenuMapper.selectShowMenuByUser - <======      Total: 0
2019-12-25 13:12:46.435 [http-nio-8080-exec-10] DEBUG c.l.admin.mapper.MenuMapper.selectShowMenuByUser - ======>  Preparing: SELECT distinct m.id as "id", m.parent_id as "pid", m.name as "title", m.icon as "icon", m.href as "href", m.sort, ? as "myuserId" FROM (select * from sys_menu where del_flag = FALSE ) m LEFT JOIN sys_role_menu srm on srm.menu_id = m.id LEFT JOIN sys_role r on r.id = srm.role_id LEFT JOIN sys_user_role sur on sur.role_id = r.id LEFT JOIN sys_user u on u.id = sur.user_id WHERE u.id = ? and m.parent_id = ? and m.is_show = true order by m.sort desc 
2019-12-25 13:12:46.438 [http-nio-8080-exec-10] DEBUG c.l.admin.mapper.MenuMapper.selectShowMenuByUser - ======> Parameters: 1(String), 1(String), 3b58e01e-9adb-11e8-aebe-1368d4ec24eb(String)
2019-12-25 13:12:46.438 [http-nio-8080-exec-10] DEBUG c.l.admin.mapper.MenuMapper.selectShowMenuByUser - <======      Total: 0
2019-12-25 13:12:46.439 [http-nio-8080-exec-10] DEBUG c.l.admin.mapper.MenuMapper.selectShowMenuByUser - ======>  Preparing: SELECT distinct m.id as "id", m.parent_id as "pid", m.name as "title", m.icon as "icon", m.href as "href", m.sort, ? as "myuserId" FROM (select * from sys_menu where del_flag = FALSE ) m LEFT JOIN sys_role_menu srm on srm.menu_id = m.id LEFT JOIN sys_role r on r.id = srm.role_id LEFT JOIN sys_user_role sur on sur.role_id = r.id LEFT JOIN sys_user u on u.id = sur.user_id WHERE u.id = ? and m.parent_id = ? and m.is_show = true order by m.sort desc 
2019-12-25 13:12:46.442 [http-nio-8080-exec-10] DEBUG c.l.admin.mapper.MenuMapper.selectShowMenuByUser - ======> Parameters: 1(String), 1(String), 3b54e2a2-9adb-11e8-aebe-1368d4ec24eb(String)
2019-12-25 13:12:46.443 [http-nio-8080-exec-10] DEBUG c.l.admin.mapper.MenuMapper.selectShowMenuByUser - <======      Total: 0
2019-12-25 13:12:46.444 [http-nio-8080-exec-10] DEBUG c.l.admin.mapper.MenuMapper.selectShowMenuByUser - <====      Total: 3
2019-12-25 13:12:46.445 [http-nio-8080-exec-10] DEBUG c.l.admin.mapper.MenuMapper.selectShowMenuByUser - <==      Total: 1
2019-12-25 13:13:47.333 [http-nio-8080-exec-4] DEBUG c.l.admin.mapper.MenuMapper.selectShowMenuByUser - ==>  Preparing: SELECT distinct m.id as "id", m.parent_id as "pid", m.name as "title", m.icon as "icon", m.href as "href", m.sort, ? as "myuserId" FROM (select * from sys_menu where del_flag = FALSE ) m LEFT JOIN sys_role_menu srm on srm.menu_id = m.id LEFT JOIN sys_role r on r.id = srm.role_id LEFT JOIN sys_user_role sur on sur.role_id = r.id LEFT JOIN sys_user u on u.id = sur.user_id WHERE u.id = ? and m.parent_id is NULL and m.is_show = true order by m.sort desc 
2019-12-25 13:13:47.336 [http-nio-8080-exec-4] DEBUG c.l.admin.mapper.MenuMapper.selectShowMenuByUser - ==> Parameters: 1(String), 1(String)
2019-12-25 13:13:47.337 [http-nio-8080-exec-4] DEBUG c.l.admin.mapper.MenuMapper.selectShowMenuByUser - ====>  Preparing: SELECT distinct m.id as "id", m.parent_id as "pid", m.name as "title", m.icon as "icon", m.href as "href", m.sort, ? as "myuserId" FROM (select * from sys_menu where del_flag = FALSE ) m LEFT JOIN sys_role_menu srm on srm.menu_id = m.id LEFT JOIN sys_role r on r.id = srm.role_id LEFT JOIN sys_user_role sur on sur.role_id = r.id LEFT JOIN sys_user u on u.id = sur.user_id WHERE u.id = ? and m.parent_id = ? and m.is_show = true order by m.sort desc 
2019-12-25 13:13:47.340 [http-nio-8080-exec-4] DEBUG c.l.admin.mapper.MenuMapper.selectShowMenuByUser - ====> Parameters: 1(String), 1(String), 7d1020ee-9ad9-11e8-aebe-1368d4ec24eb(String)
2019-12-25 13:13:47.342 [http-nio-8080-exec-4] DEBUG c.l.admin.mapper.MenuMapper.selectShowMenuByUser - ======>  Preparing: SELECT distinct m.id as "id", m.parent_id as "pid", m.name as "title", m.icon as "icon", m.href as "href", m.sort, ? as "myuserId" FROM (select * from sys_menu where del_flag = FALSE ) m LEFT JOIN sys_role_menu srm on srm.menu_id = m.id LEFT JOIN sys_role r on r.id = srm.role_id LEFT JOIN sys_user_role sur on sur.role_id = r.id LEFT JOIN sys_user u on u.id = sur.user_id WHERE u.id = ? and m.parent_id = ? and m.is_show = true order by m.sort desc 
2019-12-25 13:13:47.345 [http-nio-8080-exec-4] DEBUG c.l.admin.mapper.MenuMapper.selectShowMenuByUser - ======> Parameters: 1(String), 1(String), 3b5cb607-9adb-11e8-aebe-1368d4ec24eb(String)
2019-12-25 13:13:47.346 [http-nio-8080-exec-4] DEBUG c.l.admin.mapper.MenuMapper.selectShowMenuByUser - <======      Total: 0
2019-12-25 13:13:47.347 [http-nio-8080-exec-4] DEBUG c.l.admin.mapper.MenuMapper.selectShowMenuByUser - ======>  Preparing: SELECT distinct m.id as "id", m.parent_id as "pid", m.name as "title", m.icon as "icon", m.href as "href", m.sort, ? as "myuserId" FROM (select * from sys_menu where del_flag = FALSE ) m LEFT JOIN sys_role_menu srm on srm.menu_id = m.id LEFT JOIN sys_role r on r.id = srm.role_id LEFT JOIN sys_user_role sur on sur.role_id = r.id LEFT JOIN sys_user u on u.id = sur.user_id WHERE u.id = ? and m.parent_id = ? and m.is_show = true order by m.sort desc 
2019-12-25 13:13:47.349 [http-nio-8080-exec-4] DEBUG c.l.admin.mapper.MenuMapper.selectShowMenuByUser - ======> Parameters: 1(String), 1(String), 3b58e01e-9adb-11e8-aebe-1368d4ec24eb(String)
2019-12-25 13:13:47.350 [http-nio-8080-exec-4] DEBUG c.l.admin.mapper.MenuMapper.selectShowMenuByUser - <======      Total: 0
2019-12-25 13:13:47.351 [http-nio-8080-exec-4] DEBUG c.l.admin.mapper.MenuMapper.selectShowMenuByUser - ======>  Preparing: SELECT distinct m.id as "id", m.parent_id as "pid", m.name as "title", m.icon as "icon", m.href as "href", m.sort, ? as "myuserId" FROM (select * from sys_menu where del_flag = FALSE ) m LEFT JOIN sys_role_menu srm on srm.menu_id = m.id LEFT JOIN sys_role r on r.id = srm.role_id LEFT JOIN sys_user_role sur on sur.role_id = r.id LEFT JOIN sys_user u on u.id = sur.user_id WHERE u.id = ? and m.parent_id = ? and m.is_show = true order by m.sort desc 
2019-12-25 13:13:47.354 [http-nio-8080-exec-4] DEBUG c.l.admin.mapper.MenuMapper.selectShowMenuByUser - ======> Parameters: 1(String), 1(String), 3b54e2a2-9adb-11e8-aebe-1368d4ec24eb(String)
2019-12-25 13:13:47.354 [http-nio-8080-exec-4] DEBUG c.l.admin.mapper.MenuMapper.selectShowMenuByUser - <======      Total: 0
2019-12-25 13:13:47.355 [http-nio-8080-exec-4] DEBUG c.l.admin.mapper.MenuMapper.selectShowMenuByUser - <====      Total: 3
2019-12-25 13:13:47.355 [http-nio-8080-exec-4] DEBUG c.l.admin.mapper.MenuMapper.selectShowMenuByUser - <==      Total: 1
2019-12-25 13:14:49.069 [http-nio-8080-exec-9] DEBUG c.l.admin.mapper.MenuMapper.selectShowMenuByUser - ==>  Preparing: SELECT distinct m.id as "id", m.parent_id as "pid", m.name as "title", m.icon as "icon", m.href as "href", m.sort, ? as "myuserId" FROM (select * from sys_menu where del_flag = FALSE ) m LEFT JOIN sys_role_menu srm on srm.menu_id = m.id LEFT JOIN sys_role r on r.id = srm.role_id LEFT JOIN sys_user_role sur on sur.role_id = r.id LEFT JOIN sys_user u on u.id = sur.user_id WHERE u.id = ? and m.parent_id is NULL and m.is_show = true order by m.sort desc 
2019-12-25 13:14:49.071 [http-nio-8080-exec-9] DEBUG c.l.admin.mapper.MenuMapper.selectShowMenuByUser - ==> Parameters: 1(String), 1(String)
2019-12-25 13:14:49.073 [http-nio-8080-exec-9] DEBUG c.l.admin.mapper.MenuMapper.selectShowMenuByUser - ====>  Preparing: SELECT distinct m.id as "id", m.parent_id as "pid", m.name as "title", m.icon as "icon", m.href as "href", m.sort, ? as "myuserId" FROM (select * from sys_menu where del_flag = FALSE ) m LEFT JOIN sys_role_menu srm on srm.menu_id = m.id LEFT JOIN sys_role r on r.id = srm.role_id LEFT JOIN sys_user_role sur on sur.role_id = r.id LEFT JOIN sys_user u on u.id = sur.user_id WHERE u.id = ? and m.parent_id = ? and m.is_show = true order by m.sort desc 
2019-12-25 13:14:49.076 [http-nio-8080-exec-9] DEBUG c.l.admin.mapper.MenuMapper.selectShowMenuByUser - ====> Parameters: 1(String), 1(String), 7d1020ee-9ad9-11e8-aebe-1368d4ec24eb(String)
2019-12-25 13:14:49.077 [http-nio-8080-exec-9] DEBUG c.l.admin.mapper.MenuMapper.selectShowMenuByUser - ======>  Preparing: SELECT distinct m.id as "id", m.parent_id as "pid", m.name as "title", m.icon as "icon", m.href as "href", m.sort, ? as "myuserId" FROM (select * from sys_menu where del_flag = FALSE ) m LEFT JOIN sys_role_menu srm on srm.menu_id = m.id LEFT JOIN sys_role r on r.id = srm.role_id LEFT JOIN sys_user_role sur on sur.role_id = r.id LEFT JOIN sys_user u on u.id = sur.user_id WHERE u.id = ? and m.parent_id = ? and m.is_show = true order by m.sort desc 
2019-12-25 13:14:49.080 [http-nio-8080-exec-9] DEBUG c.l.admin.mapper.MenuMapper.selectShowMenuByUser - ======> Parameters: 1(String), 1(String), 3b5cb607-9adb-11e8-aebe-1368d4ec24eb(String)
2019-12-25 13:14:49.081 [http-nio-8080-exec-9] DEBUG c.l.admin.mapper.MenuMapper.selectShowMenuByUser - <======      Total: 0
2019-12-25 13:14:49.082 [http-nio-8080-exec-9] DEBUG c.l.admin.mapper.MenuMapper.selectShowMenuByUser - ======>  Preparing: SELECT distinct m.id as "id", m.parent_id as "pid", m.name as "title", m.icon as "icon", m.href as "href", m.sort, ? as "myuserId" FROM (select * from sys_menu where del_flag = FALSE ) m LEFT JOIN sys_role_menu srm on srm.menu_id = m.id LEFT JOIN sys_role r on r.id = srm.role_id LEFT JOIN sys_user_role sur on sur.role_id = r.id LEFT JOIN sys_user u on u.id = sur.user_id WHERE u.id = ? and m.parent_id = ? and m.is_show = true order by m.sort desc 
2019-12-25 13:14:49.084 [http-nio-8080-exec-9] DEBUG c.l.admin.mapper.MenuMapper.selectShowMenuByUser - ======> Parameters: 1(String), 1(String), 3b58e01e-9adb-11e8-aebe-1368d4ec24eb(String)
2019-12-25 13:14:49.085 [http-nio-8080-exec-9] DEBUG c.l.admin.mapper.MenuMapper.selectShowMenuByUser - <======      Total: 0
2019-12-25 13:14:49.086 [http-nio-8080-exec-9] DEBUG c.l.admin.mapper.MenuMapper.selectShowMenuByUser - ======>  Preparing: SELECT distinct m.id as "id", m.parent_id as "pid", m.name as "title", m.icon as "icon", m.href as "href", m.sort, ? as "myuserId" FROM (select * from sys_menu where del_flag = FALSE ) m LEFT JOIN sys_role_menu srm on srm.menu_id = m.id LEFT JOIN sys_role r on r.id = srm.role_id LEFT JOIN sys_user_role sur on sur.role_id = r.id LEFT JOIN sys_user u on u.id = sur.user_id WHERE u.id = ? and m.parent_id = ? and m.is_show = true order by m.sort desc 
2019-12-25 13:14:49.089 [http-nio-8080-exec-9] DEBUG c.l.admin.mapper.MenuMapper.selectShowMenuByUser - ======> Parameters: 1(String), 1(String), 3b54e2a2-9adb-11e8-aebe-1368d4ec24eb(String)
2019-12-25 13:14:49.090 [http-nio-8080-exec-9] DEBUG c.l.admin.mapper.MenuMapper.selectShowMenuByUser - <======      Total: 0
2019-12-25 13:14:49.090 [http-nio-8080-exec-9] DEBUG c.l.admin.mapper.MenuMapper.selectShowMenuByUser - <====      Total: 3
2019-12-25 13:14:49.091 [http-nio-8080-exec-9] DEBUG c.l.admin.mapper.MenuMapper.selectShowMenuByUser - <==      Total: 1
2019-12-25 13:14:54.288 [http-nio-8080-exec-2] DEBUG c.l.admin.mapper.MenuMapper.selectShowMenuByUser - ==>  Preparing: SELECT distinct m.id as "id", m.parent_id as "pid", m.name as "title", m.icon as "icon", m.href as "href", m.sort, ? as "myuserId" FROM (select * from sys_menu where del_flag = FALSE ) m LEFT JOIN sys_role_menu srm on srm.menu_id = m.id LEFT JOIN sys_role r on r.id = srm.role_id LEFT JOIN sys_user_role sur on sur.role_id = r.id LEFT JOIN sys_user u on u.id = sur.user_id WHERE u.id = ? and m.parent_id is NULL and m.is_show = true order by m.sort desc 
2019-12-25 13:14:54.290 [http-nio-8080-exec-2] DEBUG c.l.admin.mapper.MenuMapper.selectShowMenuByUser - ==> Parameters: 1(String), 1(String)
2019-12-25 13:14:54.292 [http-nio-8080-exec-2] DEBUG c.l.admin.mapper.MenuMapper.selectShowMenuByUser - ====>  Preparing: SELECT distinct m.id as "id", m.parent_id as "pid", m.name as "title", m.icon as "icon", m.href as "href", m.sort, ? as "myuserId" FROM (select * from sys_menu where del_flag = FALSE ) m LEFT JOIN sys_role_menu srm on srm.menu_id = m.id LEFT JOIN sys_role r on r.id = srm.role_id LEFT JOIN sys_user_role sur on sur.role_id = r.id LEFT JOIN sys_user u on u.id = sur.user_id WHERE u.id = ? and m.parent_id = ? and m.is_show = true order by m.sort desc 
2019-12-25 13:14:54.295 [http-nio-8080-exec-2] DEBUG c.l.admin.mapper.MenuMapper.selectShowMenuByUser - ====> Parameters: 1(String), 1(String), 7d1020ee-9ad9-11e8-aebe-1368d4ec24eb(String)
2019-12-25 13:14:54.297 [http-nio-8080-exec-2] DEBUG c.l.admin.mapper.MenuMapper.selectShowMenuByUser - ======>  Preparing: SELECT distinct m.id as "id", m.parent_id as "pid", m.name as "title", m.icon as "icon", m.href as "href", m.sort, ? as "myuserId" FROM (select * from sys_menu where del_flag = FALSE ) m LEFT JOIN sys_role_menu srm on srm.menu_id = m.id LEFT JOIN sys_role r on r.id = srm.role_id LEFT JOIN sys_user_role sur on sur.role_id = r.id LEFT JOIN sys_user u on u.id = sur.user_id WHERE u.id = ? and m.parent_id = ? and m.is_show = true order by m.sort desc 
2019-12-25 13:14:54.299 [http-nio-8080-exec-2] DEBUG c.l.admin.mapper.MenuMapper.selectShowMenuByUser - ======> Parameters: 1(String), 1(String), 3b5cb607-9adb-11e8-aebe-1368d4ec24eb(String)
2019-12-25 13:14:54.301 [http-nio-8080-exec-2] DEBUG c.l.admin.mapper.MenuMapper.selectShowMenuByUser - <======      Total: 0
2019-12-25 13:14:54.302 [http-nio-8080-exec-2] DEBUG c.l.admin.mapper.MenuMapper.selectShowMenuByUser - ======>  Preparing: SELECT distinct m.id as "id", m.parent_id as "pid", m.name as "title", m.icon as "icon", m.href as "href", m.sort, ? as "myuserId" FROM (select * from sys_menu where del_flag = FALSE ) m LEFT JOIN sys_role_menu srm on srm.menu_id = m.id LEFT JOIN sys_role r on r.id = srm.role_id LEFT JOIN sys_user_role sur on sur.role_id = r.id LEFT JOIN sys_user u on u.id = sur.user_id WHERE u.id = ? and m.parent_id = ? and m.is_show = true order by m.sort desc 
2019-12-25 13:14:54.304 [http-nio-8080-exec-2] DEBUG c.l.admin.mapper.MenuMapper.selectShowMenuByUser - ======> Parameters: 1(String), 1(String), 3b58e01e-9adb-11e8-aebe-1368d4ec24eb(String)
2019-12-25 13:14:54.305 [http-nio-8080-exec-2] DEBUG c.l.admin.mapper.MenuMapper.selectShowMenuByUser - <======      Total: 0
2019-12-25 13:14:54.306 [http-nio-8080-exec-2] DEBUG c.l.admin.mapper.MenuMapper.selectShowMenuByUser - ======>  Preparing: SELECT distinct m.id as "id", m.parent_id as "pid", m.name as "title", m.icon as "icon", m.href as "href", m.sort, ? as "myuserId" FROM (select * from sys_menu where del_flag = FALSE ) m LEFT JOIN sys_role_menu srm on srm.menu_id = m.id LEFT JOIN sys_role r on r.id = srm.role_id LEFT JOIN sys_user_role sur on sur.role_id = r.id LEFT JOIN sys_user u on u.id = sur.user_id WHERE u.id = ? and m.parent_id = ? and m.is_show = true order by m.sort desc 
2019-12-25 13:14:54.316 [http-nio-8080-exec-2] DEBUG c.l.admin.mapper.MenuMapper.selectShowMenuByUser - ======> Parameters: 1(String), 1(String), 3b54e2a2-9adb-11e8-aebe-1368d4ec24eb(String)
2019-12-25 13:14:54.317 [http-nio-8080-exec-2] DEBUG c.l.admin.mapper.MenuMapper.selectShowMenuByUser - <======      Total: 0
2019-12-25 13:14:54.318 [http-nio-8080-exec-2] DEBUG c.l.admin.mapper.MenuMapper.selectShowMenuByUser - <====      Total: 3
2019-12-25 13:14:54.318 [http-nio-8080-exec-2] DEBUG c.l.admin.mapper.MenuMapper.selectShowMenuByUser - <==      Total: 1
2019-12-25 13:15:35.708 [http-nio-8080-exec-4] DEBUG c.l.admin.mapper.MenuMapper.selectShowMenuByUser - ==>  Preparing: SELECT distinct m.id as "id", m.parent_id as "pid", m.name as "title", m.icon as "icon", m.href as "href", m.sort, ? as "myuserId" FROM (select * from sys_menu where del_flag = FALSE ) m LEFT JOIN sys_role_menu srm on srm.menu_id = m.id LEFT JOIN sys_role r on r.id = srm.role_id LEFT JOIN sys_user_role sur on sur.role_id = r.id LEFT JOIN sys_user u on u.id = sur.user_id WHERE u.id = ? and m.parent_id is NULL and m.is_show = true order by m.sort desc 
2019-12-25 13:15:35.711 [http-nio-8080-exec-4] DEBUG c.l.admin.mapper.MenuMapper.selectShowMenuByUser - ==> Parameters: 1(String), 1(String)
2019-12-25 13:15:35.713 [http-nio-8080-exec-4] DEBUG c.l.admin.mapper.MenuMapper.selectShowMenuByUser - ====>  Preparing: SELECT distinct m.id as "id", m.parent_id as "pid", m.name as "title", m.icon as "icon", m.href as "href", m.sort, ? as "myuserId" FROM (select * from sys_menu where del_flag = FALSE ) m LEFT JOIN sys_role_menu srm on srm.menu_id = m.id LEFT JOIN sys_role r on r.id = srm.role_id LEFT JOIN sys_user_role sur on sur.role_id = r.id LEFT JOIN sys_user u on u.id = sur.user_id WHERE u.id = ? and m.parent_id = ? and m.is_show = true order by m.sort desc 
2019-12-25 13:15:35.715 [http-nio-8080-exec-4] DEBUG c.l.admin.mapper.MenuMapper.selectShowMenuByUser - ====> Parameters: 1(String), 1(String), 7d1020ee-9ad9-11e8-aebe-1368d4ec24eb(String)
2019-12-25 13:15:35.717 [http-nio-8080-exec-4] DEBUG c.l.admin.mapper.MenuMapper.selectShowMenuByUser - ======>  Preparing: SELECT distinct m.id as "id", m.parent_id as "pid", m.name as "title", m.icon as "icon", m.href as "href", m.sort, ? as "myuserId" FROM (select * from sys_menu where del_flag = FALSE ) m LEFT JOIN sys_role_menu srm on srm.menu_id = m.id LEFT JOIN sys_role r on r.id = srm.role_id LEFT JOIN sys_user_role sur on sur.role_id = r.id LEFT JOIN sys_user u on u.id = sur.user_id WHERE u.id = ? and m.parent_id = ? and m.is_show = true order by m.sort desc 
2019-12-25 13:15:35.719 [http-nio-8080-exec-4] DEBUG c.l.admin.mapper.MenuMapper.selectShowMenuByUser - ======> Parameters: 1(String), 1(String), 3b5cb607-9adb-11e8-aebe-1368d4ec24eb(String)
2019-12-25 13:15:35.720 [http-nio-8080-exec-4] DEBUG c.l.admin.mapper.MenuMapper.selectShowMenuByUser - <======      Total: 0
2019-12-25 13:15:35.721 [http-nio-8080-exec-4] DEBUG c.l.admin.mapper.MenuMapper.selectShowMenuByUser - ======>  Preparing: SELECT distinct m.id as "id", m.parent_id as "pid", m.name as "title", m.icon as "icon", m.href as "href", m.sort, ? as "myuserId" FROM (select * from sys_menu where del_flag = FALSE ) m LEFT JOIN sys_role_menu srm on srm.menu_id = m.id LEFT JOIN sys_role r on r.id = srm.role_id LEFT JOIN sys_user_role sur on sur.role_id = r.id LEFT JOIN sys_user u on u.id = sur.user_id WHERE u.id = ? and m.parent_id = ? and m.is_show = true order by m.sort desc 
2019-12-25 13:15:35.723 [http-nio-8080-exec-4] DEBUG c.l.admin.mapper.MenuMapper.selectShowMenuByUser - ======> Parameters: 1(String), 1(String), 3b58e01e-9adb-11e8-aebe-1368d4ec24eb(String)
2019-12-25 13:15:35.724 [http-nio-8080-exec-4] DEBUG c.l.admin.mapper.MenuMapper.selectShowMenuByUser - <======      Total: 0
2019-12-25 13:15:35.725 [http-nio-8080-exec-4] DEBUG c.l.admin.mapper.MenuMapper.selectShowMenuByUser - ======>  Preparing: SELECT distinct m.id as "id", m.parent_id as "pid", m.name as "title", m.icon as "icon", m.href as "href", m.sort, ? as "myuserId" FROM (select * from sys_menu where del_flag = FALSE ) m LEFT JOIN sys_role_menu srm on srm.menu_id = m.id LEFT JOIN sys_role r on r.id = srm.role_id LEFT JOIN sys_user_role sur on sur.role_id = r.id LEFT JOIN sys_user u on u.id = sur.user_id WHERE u.id = ? and m.parent_id = ? and m.is_show = true order by m.sort desc 
2019-12-25 13:15:35.728 [http-nio-8080-exec-4] DEBUG c.l.admin.mapper.MenuMapper.selectShowMenuByUser - ======> Parameters: 1(String), 1(String), 3b54e2a2-9adb-11e8-aebe-1368d4ec24eb(String)
2019-12-25 13:15:35.729 [http-nio-8080-exec-4] DEBUG c.l.admin.mapper.MenuMapper.selectShowMenuByUser - <======      Total: 0
2019-12-25 13:15:35.729 [http-nio-8080-exec-4] DEBUG c.l.admin.mapper.MenuMapper.selectShowMenuByUser - <====      Total: 3
2019-12-25 13:15:35.729 [http-nio-8080-exec-4] DEBUG c.l.admin.mapper.MenuMapper.selectShowMenuByUser - <==      Total: 1
2019-12-25 13:29:33.954 [restartedMain] DEBUG com.lzhpo.AdminApplication - Running with Spring Boot v2.0.3.RELEASE, Spring v5.0.7.RELEASE
2019-12-25 13:29:47.260 [restartedMain] DEBUG com.lzhpo.AdminApplication - Running with Spring Boot v2.0.3.RELEASE, Spring v5.0.7.RELEASE
2019-12-25 13:30:39.037 [restartedMain] DEBUG com.lzhpo.AdminApplication - Running with Spring Boot v2.0.3.RELEASE, Spring v5.0.7.RELEASE
2019-12-25 13:32:06.315 [restartedMain] DEBUG com.lzhpo.AdminApplication - Running with Spring Boot v2.0.3.RELEASE, Spring v5.0.7.RELEASE
2019-12-25 13:34:11.024 [restartedMain] DEBUG com.lzhpo.AdminApplication - Running with Spring Boot v2.0.3.RELEASE, Spring v5.0.7.RELEASE
2019-12-25 13:34:27.842 [restartedMain] DEBUG com.lzhpo.AdminApplication - Running with Spring Boot v2.0.3.RELEASE, Spring v5.0.7.RELEASE
2019-12-25 13:37:49.639 [restartedMain] DEBUG com.lzhpo.AdminApplication - Running with Spring Boot v2.0.3.RELEASE, Spring v5.0.7.RELEASE
2019-12-25 13:38:51.915 [restartedMain] DEBUG com.lzhpo.AdminApplication - Running with Spring Boot v2.0.3.RELEASE, Spring v5.0.7.RELEASE
2019-12-25 13:40:30.579 [restartedMain] DEBUG com.lzhpo.AdminApplication - Running with Spring Boot v2.0.3.RELEASE, Spring v5.0.7.RELEASE
2019-12-25 13:41:28.875 [restartedMain] DEBUG com.lzhpo.AdminApplication - Running with Spring Boot v2.0.3.RELEASE, Spring v5.0.7.RELEASE
2019-12-25 13:42:45.094 [restartedMain] DEBUG com.lzhpo.AdminApplication - Running with Spring Boot v2.0.3.RELEASE, Spring v5.0.7.RELEASE
2019-12-25 13:42:57.273 [restartedMain] DEBUG com.lzhpo.AdminApplication - Running with Spring Boot v2.0.3.RELEASE, Spring v5.0.7.RELEASE
2019-12-25 13:43:41.291 [restartedMain] DEBUG com.lzhpo.AdminApplication - Running with Spring Boot v2.0.3.RELEASE, Spring v5.0.7.RELEASE
2019-12-25 13:44:34.968 [restartedMain] DEBUG com.lzhpo.AdminApplication - Running with Spring Boot v2.0.3.RELEASE, Spring v5.0.7.RELEASE
2019-12-25 13:47:48.460 [restartedMain] DEBUG com.lzhpo.AdminApplication - Running with Spring Boot v2.0.3.RELEASE, Spring v5.0.7.RELEASE
2019-12-25 13:49:10.929 [restartedMain] DEBUG com.lzhpo.AdminApplication - Running with Spring Boot v2.0.3.RELEASE, Spring v5.0.7.RELEASE
2019-12-25 13:49:31.026 [restartedMain] DEBUG com.lzhpo.AdminApplication - Running with Spring Boot v2.0.3.RELEASE, Spring v5.0.7.RELEASE
2019-12-25 13:50:32.242 [restartedMain] DEBUG com.lzhpo.AdminApplication - Running with Spring Boot v2.0.3.RELEASE, Spring v5.0.7.RELEASE
2019-12-25 13:55:22.440 [restartedMain] DEBUG com.lzhpo.AdminApplication - Running with Spring Boot v2.0.3.RELEASE, Spring v5.0.7.RELEASE
2019-12-25 13:55:52.947 [restartedMain] DEBUG com.lzhpo.AdminApplication - Running with Spring Boot v2.0.3.RELEASE, Spring v5.0.7.RELEASE
2019-12-25 13:56:29.335 [restartedMain] DEBUG com.lzhpo.AdminApplication - Running with Spring Boot v2.0.3.RELEASE, Spring v5.0.7.RELEASE
2019-12-25 13:57:27.105 [restartedMain] DEBUG com.lzhpo.AdminApplication - Running with Spring Boot v2.0.3.RELEASE, Spring v5.0.7.RELEASE
2019-12-25 13:58:14.895 [restartedMain] DEBUG com.lzhpo.AdminApplication - Running with Spring Boot v2.0.3.RELEASE, Spring v5.0.7.RELEASE
